<?xml version="1.0" encoding="UTF-8"?>
<TestRun id="b979c021-af11-47d9-a2ca-edf447586e36" name="Administrator@ANNAMIEDZIAE6A9 2012-07-15 18:17:48" runUser="ANNAMIEDZIAE6A9\Administrator" xmlns="http://microsoft.com/schemas/VisualStudio/TeamTest/2010">
  <TestSettings name="Local" id="475efec6-518e-4b4a-870f-24bbcf8f6bdc">
    <Description>These are default test settings for a local test run.</Description>
    <Deployment enabled="false" runDeploymentRoot="Administrator_ANNAMIEDZIAE6A9 2012-07-15 18_17_48">
      <DeploymentItem filename="C:\Program Files\Microsoft ASP.NET\ASP.NET Web Pages\v2.0\Assemblies\Microsoft.Web.Infrastructure.dll" />
      <DeploymentItem filename="C:\Visual Studio\MVCMobileForMobile\MvcApplicationForMobile\packages\DataAnnotationsExtensions.MVC3.1.1.0.0\lib\NETFramework40\DataAnnotationsExtensions.ClientValidation.dll" />
      <DeploymentItem filename="C:\Visual Studio\MVCMobileForMobile\MvcApplicationForMobile\MvcApplicationForMobile\bin\MvcApplicationForMobile.dll" />
      <DeploymentItem filename="C:\Visual Studio\MVCMobileForMobile\MvcApplicationForMobile\packages\EntityFramework.4.1.10331.0\lib\EntityFramework.dll" />
      <DeploymentItem filename="C:\Visual Studio\MVCMobileForMobile\MvcApplicationForMobile\packages\elmah.corelibrary.1.2.2\lib\Elmah.dll" />
      <DeploymentItem filename="C:\Visual Studio\MVCMobileForMobile\MvcApplicationForMobile\packages\DataAnnotationsExtensions.1.1.0.0\lib\NETFramework40\DataAnnotationsExtensions.dll" />
      <DeploymentItem filename="C:\Visual Studio\MVCMobileForMobile\MvcApplicationForMobile\packages\WebActivator.1.2.0.0\lib\NETFramework40\WebActivator.dll" />
      <DeploymentItem filename="C:\Program Files\Microsoft SQL Server Compact Edition\v4.0\Desktop\System.Data.SqlServerCe.dll" />
      <DeploymentItem filename="C:\Visual Studio\MVCMobileForMobile\MvcApplicationForMobile\packages\51Degrees.mobi.2.1.4.10\lib\NET40\FiftyOne.Foundation.dll" />
    </Deployment>
    <Execution>
      <TestTypeSpecific />
      <AgentRule name="Execution Agents">
      </AgentRule>
    </Execution>
  </TestSettings>
  <Times creation="2012-07-15T18:17:48.4248047+01:00" queuing="2012-07-15T18:17:48.6298828+01:00" start="2012-07-15T18:17:49.1533203+01:00" finish="2012-07-15T18:18:06.7988281+01:00" />
  <ResultSummary outcome="Failed">
    <Counters total="80" executed="80" error="0" failed="80" timeout="0" aborted="0" inconclusive="0" passedButRunAborted="0" notRunnable="0" notExecuted="0" disconnected="0" warning="0" passed="0" completed="0" inProgress="0" pending="0" />
  </ResultSummary>
  <TestDefinitions>
    <UnitTest name="FullAddressTest" storage="c:\visual studio\mvcmobileformobile\mvcapplicationformobile\mvcapplicationformobile.tests\bin\debug\mvcapplicationformobile.tests.dll" id="ffcc708d-7c46-47d2-77f3-dbb38af7a860">
      <Execution id="07c61175-ae39-41c7-9fa1-82ab85909b8e" />
      <TestMethod codeBase="C:/Visual Studio/MVCMobileForMobile/MvcApplicationForMobile/MvcApplicationForMobile.Tests/bin/Debug/MvcApplicationForMobile.Tests.DLL" adapterTypeName="Microsoft.VisualStudio.TestTools.TestTypes.Unit.UnitTestAdapter, Microsoft.VisualStudio.QualityTools.Tips.UnitTest.Adapter, Version=10.0.0.0, Culture=neutral, PublicKeyToken=b03f5f7f11d50a3a" className="MvcApplicationForMobile.Tests.AddressTest, MvcApplicationForMobile.Tests, Version=1.0.0.0, Culture=neutral, PublicKeyToken=null" name="FullAddressTest" />
      <AspNet webSiteUrl="http://localhost:1094/">
        <Host pathToWebApp="C:\Visual Studio\MVCMobileForMobile\MvcApplicationForMobile\MvcApplicationForMobile" webAppRoot="/" />
      </AspNet>
    </UnitTest>
    <UnitTest name="DeleteConfirmedTest" storage="c:\visual studio\mvcmobileformobile\mvcapplicationformobile\mvcapplicationformobile.tests\bin\debug\mvcapplicationformobile.tests.dll" id="ef5ada5c-2c2d-867e-ec6a-ea82f434b2f9">
      <Execution id="c4e27de2-6f4a-4bfe-b6e0-55de232d4a6f" />
      <TestMethod codeBase="C:/Visual Studio/MVCMobileForMobile/MvcApplicationForMobile/MvcApplicationForMobile.Tests/bin/Debug/MvcApplicationForMobile.Tests.DLL" adapterTypeName="Microsoft.VisualStudio.TestTools.TestTypes.Unit.UnitTestAdapter, Microsoft.VisualStudio.QualityTools.Tips.UnitTest.Adapter, Version=10.0.0.0, Culture=neutral, PublicKeyToken=b03f5f7f11d50a3a" className="MvcApplicationForMobile.Tests.AddressControllerTest, MvcApplicationForMobile.Tests, Version=1.0.0.0, Culture=neutral, PublicKeyToken=null" name="DeleteConfirmedTest" />
      <AspNet webSiteUrl="http://localhost:1094/">
        <Host pathToWebApp="C:\Visual Studio\MVCMobileForMobile\MvcApplicationForMobile\MvcApplicationForMobile" webAppRoot="/" />
      </AspNet>
    </UnitTest>
    <UnitTest name="ChangePasswordModelConstructorTest" storage="c:\visual studio\mvcmobileformobile\mvcapplicationformobile\mvcapplicationformobile.tests\bin\debug\mvcapplicationformobile.tests.dll" id="3a54ff60-1c53-dcae-74bb-6c05c840e28a">
      <Execution id="8bcca865-c614-4d85-8a64-3c6032d062c9" />
      <TestMethod codeBase="C:/Visual Studio/MVCMobileForMobile/MvcApplicationForMobile/MvcApplicationForMobile.Tests/bin/Debug/MvcApplicationForMobile.Tests.DLL" adapterTypeName="Microsoft.VisualStudio.TestTools.TestTypes.Unit.UnitTestAdapter, Microsoft.VisualStudio.QualityTools.Tips.UnitTest.Adapter, Version=10.0.0.0, Culture=neutral, PublicKeyToken=b03f5f7f11d50a3a" className="MvcApplicationForMobile.Tests.ChangePasswordModelTest, MvcApplicationForMobile.Tests, Version=1.0.0.0, Culture=neutral, PublicKeyToken=null" name="ChangePasswordModelConstructorTest" />
      <AspNet webSiteUrl="http://localhost:1094/">
        <Host pathToWebApp="C:\Visual Studio\MVCMobileForMobile\MvcApplicationForMobile\MvcApplicationForMobile" webAppRoot="/" />
      </AspNet>
    </UnitTest>
    <UnitTest name="RememberMeTest" storage="c:\visual studio\mvcmobileformobile\mvcapplicationformobile\mvcapplicationformobile.tests\bin\debug\mvcapplicationformobile.tests.dll" id="395737bf-6e2d-02bb-962a-91d709b4be05">
      <Execution id="8ef32728-b38c-4454-8bdf-6faea0817569" />
      <TestMethod codeBase="C:/Visual Studio/MVCMobileForMobile/MvcApplicationForMobile/MvcApplicationForMobile.Tests/bin/Debug/MvcApplicationForMobile.Tests.DLL" adapterTypeName="Microsoft.VisualStudio.TestTools.TestTypes.Unit.UnitTestAdapter, Microsoft.VisualStudio.QualityTools.Tips.UnitTest.Adapter, Version=10.0.0.0, Culture=neutral, PublicKeyToken=b03f5f7f11d50a3a" className="MvcApplicationForMobile.Tests.LogOnModelTest, MvcApplicationForMobile.Tests, Version=1.0.0.0, Culture=neutral, PublicKeyToken=null" name="RememberMeTest" />
      <AspNet webSiteUrl="http://localhost:1094/">
        <Host pathToWebApp="C:\Visual Studio\MVCMobileForMobile\MvcApplicationForMobile\MvcApplicationForMobile" webAppRoot="/" />
      </AspNet>
    </UnitTest>
    <UnitTest name="NewPasswordTest" storage="c:\visual studio\mvcmobileformobile\mvcapplicationformobile\mvcapplicationformobile.tests\bin\debug\mvcapplicationformobile.tests.dll" id="46f2bf21-124b-07d5-0c3d-c28cccd9a02b">
      <Execution id="593e6652-965a-4330-acda-564b01bb4e26" />
      <TestMethod codeBase="C:/Visual Studio/MVCMobileForMobile/MvcApplicationForMobile/MvcApplicationForMobile.Tests/bin/Debug/MvcApplicationForMobile.Tests.DLL" adapterTypeName="Microsoft.VisualStudio.TestTools.TestTypes.Unit.UnitTestAdapter, Microsoft.VisualStudio.QualityTools.Tips.UnitTest.Adapter, Version=10.0.0.0, Culture=neutral, PublicKeyToken=b03f5f7f11d50a3a" className="MvcApplicationForMobile.Tests.ChangePasswordModelTest, MvcApplicationForMobile.Tests, Version=1.0.0.0, Culture=neutral, PublicKeyToken=null" name="NewPasswordTest" />
      <AspNet webSiteUrl="http://localhost:1094/">
        <Host pathToWebApp="C:\Visual Studio\MVCMobileForMobile\MvcApplicationForMobile\MvcApplicationForMobile" webAppRoot="/" />
      </AspNet>
    </UnitTest>
    <UnitTest name="CountryTest" storage="c:\visual studio\mvcmobileformobile\mvcapplicationformobile\mvcapplicationformobile.tests\bin\debug\mvcapplicationformobile.tests.dll" id="dd60587e-bf13-d697-e77d-2046de3a7b46">
      <Execution id="975cc3f4-c506-425f-8f05-0ddd793316b0" />
      <TestMethod codeBase="C:/Visual Studio/MVCMobileForMobile/MvcApplicationForMobile/MvcApplicationForMobile.Tests/bin/Debug/MvcApplicationForMobile.Tests.DLL" adapterTypeName="Microsoft.VisualStudio.TestTools.TestTypes.Unit.UnitTestAdapter, Microsoft.VisualStudio.QualityTools.Tips.UnitTest.Adapter, Version=10.0.0.0, Culture=neutral, PublicKeyToken=b03f5f7f11d50a3a" className="MvcApplicationForMobile.Tests.AddressTest, MvcApplicationForMobile.Tests, Version=1.0.0.0, Culture=neutral, PublicKeyToken=null" name="CountryTest" />
      <AspNet webSiteUrl="http://localhost:1094/">
        <Host pathToWebApp="C:\Visual Studio\MVCMobileForMobile\MvcApplicationForMobile\MvcApplicationForMobile" webAppRoot="/" />
      </AspNet>
    </UnitTest>
    <UnitTest name="DateModifiedTest" storage="c:\visual studio\mvcmobileformobile\mvcapplicationformobile\mvcapplicationformobile.tests\bin\debug\mvcapplicationformobile.tests.dll" id="9d912c66-b1c1-0f2b-10d7-f2dfcfae0ec3">
      <Execution id="77cbbb3f-eb06-48b4-960d-4ec7d0ab4835" />
      <TestMethod codeBase="C:/Visual Studio/MVCMobileForMobile/MvcApplicationForMobile/MvcApplicationForMobile.Tests/bin/Debug/MvcApplicationForMobile.Tests.DLL" adapterTypeName="Microsoft.VisualStudio.TestTools.TestTypes.Unit.UnitTestAdapter, Microsoft.VisualStudio.QualityTools.Tips.UnitTest.Adapter, Version=10.0.0.0, Culture=neutral, PublicKeyToken=b03f5f7f11d50a3a" className="MvcApplicationForMobile.Tests.StampTest, MvcApplicationForMobile.Tests, Version=1.0.0.0, Culture=neutral, PublicKeyToken=null" name="DateModifiedTest" />
      <AspNet webSiteUrl="http://localhost:1094/">
        <Host pathToWebApp="C:\Visual Studio\MVCMobileForMobile\MvcApplicationForMobile\MvcApplicationForMobile" webAppRoot="/" />
      </AspNet>
    </UnitTest>
    <UnitTest name="AddressControllerConstructorTest" storage="c:\visual studio\mvcmobileformobile\mvcapplicationformobile\mvcapplicationformobile.tests\bin\debug\mvcapplicationformobile.tests.dll" id="e7b98139-e445-a685-631b-5f6527bd97aa">
      <Execution id="fff39fbb-a797-4136-819d-7b42f071f7de" />
      <TestMethod codeBase="C:/Visual Studio/MVCMobileForMobile/MvcApplicationForMobile/MvcApplicationForMobile.Tests/bin/Debug/MvcApplicationForMobile.Tests.DLL" adapterTypeName="Microsoft.VisualStudio.TestTools.TestTypes.Unit.UnitTestAdapter, Microsoft.VisualStudio.QualityTools.Tips.UnitTest.Adapter, Version=10.0.0.0, Culture=neutral, PublicKeyToken=b03f5f7f11d50a3a" className="MvcApplicationForMobile.Tests.AddressControllerTest, MvcApplicationForMobile.Tests, Version=1.0.0.0, Culture=neutral, PublicKeyToken=null" name="AddressControllerConstructorTest" />
      <AspNet webSiteUrl="http://localhost:1094/">
        <Host pathToWebApp="C:\Visual Studio\MVCMobileForMobile\MvcApplicationForMobile\MvcApplicationForMobile" webAppRoot="/" />
      </AspNet>
    </UnitTest>
    <UnitTest name="CreateTest" storage="c:\visual studio\mvcmobileformobile\mvcapplicationformobile\mvcapplicationformobile.tests\bin\debug\mvcapplicationformobile.tests.dll" id="be59db5d-fea6-3935-f604-5d3fd1a003d8">
      <Execution id="a5a3b01f-1fb8-40bd-8afc-537448a76af3" />
      <TestMethod codeBase="C:/Visual Studio/MVCMobileForMobile/MvcApplicationForMobile/MvcApplicationForMobile.Tests/bin/Debug/MvcApplicationForMobile.Tests.DLL" adapterTypeName="Microsoft.VisualStudio.TestTools.TestTypes.Unit.UnitTestAdapter, Microsoft.VisualStudio.QualityTools.Tips.UnitTest.Adapter, Version=10.0.0.0, Culture=neutral, PublicKeyToken=b03f5f7f11d50a3a" className="MvcApplicationForMobile.Tests.AddressControllerTest, MvcApplicationForMobile.Tests, Version=1.0.0.0, Culture=neutral, PublicKeyToken=null" name="CreateTest" />
      <AspNet webSiteUrl="http://localhost:1094/">
        <Host pathToWebApp="C:\Visual Studio\MVCMobileForMobile\MvcApplicationForMobile\MvcApplicationForMobile" webAppRoot="/" />
      </AspNet>
    </UnitTest>
    <UnitTest name="OldPasswordTest" storage="c:\visual studio\mvcmobileformobile\mvcapplicationformobile\mvcapplicationformobile.tests\bin\debug\mvcapplicationformobile.tests.dll" id="2564fd82-3b8d-8e36-7ca7-31dd8c376783">
      <Execution id="66fc4c81-c1f2-4ad1-a8db-7076998a9cf1" />
      <TestMethod codeBase="C:/Visual Studio/MVCMobileForMobile/MvcApplicationForMobile/MvcApplicationForMobile.Tests/bin/Debug/MvcApplicationForMobile.Tests.DLL" adapterTypeName="Microsoft.VisualStudio.TestTools.TestTypes.Unit.UnitTestAdapter, Microsoft.VisualStudio.QualityTools.Tips.UnitTest.Adapter, Version=10.0.0.0, Culture=neutral, PublicKeyToken=b03f5f7f11d50a3a" className="MvcApplicationForMobile.Tests.ChangePasswordModelTest, MvcApplicationForMobile.Tests, Version=1.0.0.0, Culture=neutral, PublicKeyToken=null" name="OldPasswordTest" />
      <AspNet webSiteUrl="http://localhost:1094/">
        <Host pathToWebApp="C:\Visual Studio\MVCMobileForMobile\MvcApplicationForMobile\MvcApplicationForMobile" webAppRoot="/" />
      </AspNet>
    </UnitTest>
    <UnitTest name="ErrorCodeToStringTest" storage="c:\visual studio\mvcmobileformobile\mvcapplicationformobile\mvcapplicationformobile.tests\bin\debug\mvcapplicationformobile.tests.dll" id="a94683db-beca-9daa-44f9-4a94a7b91d19">
      <DeploymentItems>
        <DeploymentItem filename="MvcApplicationForMobile.dll" />
      </DeploymentItems>
      <Execution id="04336609-3409-48ec-888e-d7a534a3f921" />
      <TestMethod codeBase="C:/Visual Studio/MVCMobileForMobile/MvcApplicationForMobile/MvcApplicationForMobile.Tests/bin/Debug/MvcApplicationForMobile.Tests.DLL" adapterTypeName="Microsoft.VisualStudio.TestTools.TestTypes.Unit.UnitTestAdapter, Microsoft.VisualStudio.QualityTools.Tips.UnitTest.Adapter, Version=10.0.0.0, Culture=neutral, PublicKeyToken=b03f5f7f11d50a3a" className="MvcApplicationForMobile.Tests.AccountControllerTest, MvcApplicationForMobile.Tests, Version=1.0.0.0, Culture=neutral, PublicKeyToken=null" name="ErrorCodeToStringTest" />
      <AspNet webSiteUrl="http://localhost:1094/">
        <Host pathToWebApp="C:\Visual Studio\MVCMobileForMobile\MvcApplicationForMobile\MvcApplicationForMobile" webAppRoot="/" />
      </AspNet>
    </UnitTest>
    <UnitTest name="AddressConstructorTest" storage="c:\visual studio\mvcmobileformobile\mvcapplicationformobile\mvcapplicationformobile.tests\bin\debug\mvcapplicationformobile.tests.dll" id="1111f981-016e-7597-e33f-0482c9b2f3ff">
      <Execution id="6ac37691-983c-4a22-a716-c87bb740784d" />
      <TestMethod codeBase="C:/Visual Studio/MVCMobileForMobile/MvcApplicationForMobile/MvcApplicationForMobile.Tests/bin/Debug/MvcApplicationForMobile.Tests.DLL" adapterTypeName="Microsoft.VisualStudio.TestTools.TestTypes.Unit.UnitTestAdapter, Microsoft.VisualStudio.QualityTools.Tips.UnitTest.Adapter, Version=10.0.0.0, Culture=neutral, PublicKeyToken=b03f5f7f11d50a3a" className="MvcApplicationForMobile.Tests.AddressTest, MvcApplicationForMobile.Tests, Version=1.0.0.0, Culture=neutral, PublicKeyToken=null" name="AddressConstructorTest" />
      <AspNet webSiteUrl="http://localhost:1094/">
        <Host pathToWebApp="C:\Visual Studio\MVCMobileForMobile\MvcApplicationForMobile\MvcApplicationForMobile" webAppRoot="/" />
      </AspNet>
    </UnitTest>
    <UnitTest name="ConfirmPasswordTest" storage="c:\visual studio\mvcmobileformobile\mvcapplicationformobile\mvcapplicationformobile.tests\bin\debug\mvcapplicationformobile.tests.dll" id="1a934d84-97a3-e1b8-9239-8fca0560bf28">
      <Execution id="38a82b86-df78-45c0-9cda-e651a4dba62e" />
      <TestMethod codeBase="C:/Visual Studio/MVCMobileForMobile/MvcApplicationForMobile/MvcApplicationForMobile.Tests/bin/Debug/MvcApplicationForMobile.Tests.DLL" adapterTypeName="Microsoft.VisualStudio.TestTools.TestTypes.Unit.UnitTestAdapter, Microsoft.VisualStudio.QualityTools.Tips.UnitTest.Adapter, Version=10.0.0.0, Culture=neutral, PublicKeyToken=b03f5f7f11d50a3a" className="MvcApplicationForMobile.Tests.ChangePasswordModelTest, MvcApplicationForMobile.Tests, Version=1.0.0.0, Culture=neutral, PublicKeyToken=null" name="ConfirmPasswordTest" />
      <AspNet webSiteUrl="http://localhost:1094/">
        <Host pathToWebApp="C:\Visual Studio\MVCMobileForMobile\MvcApplicationForMobile\MvcApplicationForMobile" webAppRoot="/" />
      </AspNet>
    </UnitTest>
    <UnitTest name="EmailTest" storage="c:\visual studio\mvcmobileformobile\mvcapplicationformobile\mvcapplicationformobile.tests\bin\debug\mvcapplicationformobile.tests.dll" id="5c9b4a16-8856-d469-0dd2-e18149c623cd">
      <Execution id="96848ffd-2db5-4190-aed3-f6fbfd54c913" />
      <TestMethod codeBase="C:/Visual Studio/MVCMobileForMobile/MvcApplicationForMobile/MvcApplicationForMobile.Tests/bin/Debug/MvcApplicationForMobile.Tests.DLL" adapterTypeName="Microsoft.VisualStudio.TestTools.TestTypes.Unit.UnitTestAdapter, Microsoft.VisualStudio.QualityTools.Tips.UnitTest.Adapter, Version=10.0.0.0, Culture=neutral, PublicKeyToken=b03f5f7f11d50a3a" className="MvcApplicationForMobile.Tests.UserTest, MvcApplicationForMobile.Tests, Version=1.0.0.0, Culture=neutral, PublicKeyToken=null" name="EmailTest" />
      <AspNet webSiteUrl="http://localhost:1094/">
        <Host pathToWebApp="C:\Visual Studio\MVCMobileForMobile\MvcApplicationForMobile\MvcApplicationForMobile" webAppRoot="/" />
      </AspNet>
    </UnitTest>
    <UnitTest name="PasswordTest" storage="c:\visual studio\mvcmobileformobile\mvcapplicationformobile\mvcapplicationformobile.tests\bin\debug\mvcapplicationformobile.tests.dll" id="2f8d74ab-58dc-99f4-6bcd-967628f606fa">
      <Execution id="278bf2c5-f024-4896-ab78-16a927e5b191" />
      <TestMethod codeBase="C:/Visual Studio/MVCMobileForMobile/MvcApplicationForMobile/MvcApplicationForMobile.Tests/bin/Debug/MvcApplicationForMobile.Tests.DLL" adapterTypeName="Microsoft.VisualStudio.TestTools.TestTypes.Unit.UnitTestAdapter, Microsoft.VisualStudio.QualityTools.Tips.UnitTest.Adapter, Version=10.0.0.0, Culture=neutral, PublicKeyToken=b03f5f7f11d50a3a" className="MvcApplicationForMobile.Tests.RegisterModelTest, MvcApplicationForMobile.Tests, Version=1.0.0.0, Culture=neutral, PublicKeyToken=null" name="PasswordTest" />
      <AspNet webSiteUrl="http://localhost:1094/">
        <Host pathToWebApp="C:\Visual Studio\MVCMobileForMobile\MvcApplicationForMobile\MvcApplicationForMobile" webAppRoot="/" />
      </AspNet>
    </UnitTest>
    <UnitTest name="UserIDTest" storage="c:\visual studio\mvcmobileformobile\mvcapplicationformobile\mvcapplicationformobile.tests\bin\debug\mvcapplicationformobile.tests.dll" id="2b29206f-4ec5-660c-037f-9399e27e7bfe">
      <Execution id="c7f557eb-9441-44d1-9079-8edb45583993" />
      <TestMethod codeBase="C:/Visual Studio/MVCMobileForMobile/MvcApplicationForMobile/MvcApplicationForMobile.Tests/bin/Debug/MvcApplicationForMobile.Tests.DLL" adapterTypeName="Microsoft.VisualStudio.TestTools.TestTypes.Unit.UnitTestAdapter, Microsoft.VisualStudio.QualityTools.Tips.UnitTest.Adapter, Version=10.0.0.0, Culture=neutral, PublicKeyToken=b03f5f7f11d50a3a" className="MvcApplicationForMobile.Tests.UserTest, MvcApplicationForMobile.Tests, Version=1.0.0.0, Culture=neutral, PublicKeyToken=null" name="UserIDTest" />
      <AspNet webSiteUrl="http://localhost:1094/">
        <Host pathToWebApp="C:\Visual Studio\MVCMobileForMobile\MvcApplicationForMobile\MvcApplicationForMobile" webAppRoot="/" />
      </AspNet>
    </UnitTest>
    <UnitTest name="TimestampTest" storage="c:\visual studio\mvcmobileformobile\mvcapplicationformobile\mvcapplicationformobile.tests\bin\debug\mvcapplicationformobile.tests.dll" id="d2150031-e73d-f39a-4d85-9c46b49718e8">
      <Execution id="d9c84d41-1246-4623-ac61-e526afee6d81" />
      <TestMethod codeBase="C:/Visual Studio/MVCMobileForMobile/MvcApplicationForMobile/MvcApplicationForMobile.Tests/bin/Debug/MvcApplicationForMobile.Tests.DLL" adapterTypeName="Microsoft.VisualStudio.TestTools.TestTypes.Unit.UnitTestAdapter, Microsoft.VisualStudio.QualityTools.Tips.UnitTest.Adapter, Version=10.0.0.0, Culture=neutral, PublicKeyToken=b03f5f7f11d50a3a" className="MvcApplicationForMobile.Tests.UserTest, MvcApplicationForMobile.Tests, Version=1.0.0.0, Culture=neutral, PublicKeyToken=null" name="TimestampTest" />
      <AspNet webSiteUrl="http://localhost:1094/">
        <Host pathToWebApp="C:\Visual Studio\MVCMobileForMobile\MvcApplicationForMobile\MvcApplicationForMobile" webAppRoot="/" />
      </AspNet>
    </UnitTest>
    <UnitTest name="Line1Test" storage="c:\visual studio\mvcmobileformobile\mvcapplicationformobile\mvcapplicationformobile.tests\bin\debug\mvcapplicationformobile.tests.dll" id="14b47410-0202-98f1-1d9f-ddcbc148dafc">
      <Execution id="461de94f-65c2-46b6-94ba-5a012067b1f4" />
      <TestMethod codeBase="C:/Visual Studio/MVCMobileForMobile/MvcApplicationForMobile/MvcApplicationForMobile.Tests/bin/Debug/MvcApplicationForMobile.Tests.DLL" adapterTypeName="Microsoft.VisualStudio.TestTools.TestTypes.Unit.UnitTestAdapter, Microsoft.VisualStudio.QualityTools.Tips.UnitTest.Adapter, Version=10.0.0.0, Culture=neutral, PublicKeyToken=b03f5f7f11d50a3a" className="MvcApplicationForMobile.Tests.AddressTest, MvcApplicationForMobile.Tests, Version=1.0.0.0, Culture=neutral, PublicKeyToken=null" name="Line1Test" />
      <AspNet webSiteUrl="http://localhost:1094/">
        <Host pathToWebApp="C:\Visual Studio\MVCMobileForMobile\MvcApplicationForMobile\MvcApplicationForMobile" webAppRoot="/" />
      </AspNet>
    </UnitTest>
    <UnitTest name="MvcApplicationConstructorTest" storage="c:\visual studio\mvcmobileformobile\mvcapplicationformobile\mvcapplicationformobile.tests\bin\debug\mvcapplicationformobile.tests.dll" id="8838433e-9831-c222-6d9c-46593c972c2c">
      <Execution id="5c95069f-6664-4999-91e4-4cd4a44c42e9" />
      <TestMethod codeBase="C:/Visual Studio/MVCMobileForMobile/MvcApplicationForMobile/MvcApplicationForMobile.Tests/bin/Debug/MvcApplicationForMobile.Tests.DLL" adapterTypeName="Microsoft.VisualStudio.TestTools.TestTypes.Unit.UnitTestAdapter, Microsoft.VisualStudio.QualityTools.Tips.UnitTest.Adapter, Version=10.0.0.0, Culture=neutral, PublicKeyToken=b03f5f7f11d50a3a" className="MvcApplicationForMobile.Tests.MvcApplicationTest, MvcApplicationForMobile.Tests, Version=1.0.0.0, Culture=neutral, PublicKeyToken=null" name="MvcApplicationConstructorTest" />
      <AspNet webSiteUrl="http://localhost:1094/">
        <Host pathToWebApp="C:\Visual Studio\MVCMobileForMobile\MvcApplicationForMobile\MvcApplicationForMobile" webAppRoot="/" />
      </AspNet>
    </UnitTest>
    <UnitTest name="StampConstructorTest" storage="c:\visual studio\mvcmobileformobile\mvcapplicationformobile\mvcapplicationformobile.tests\bin\debug\mvcapplicationformobile.tests.dll" id="d7654051-fd7b-9b25-a381-84887e8c2d86">
      <Execution id="1cf18551-4444-449c-a2e1-cd1212ae8412" />
      <TestMethod codeBase="C:/Visual Studio/MVCMobileForMobile/MvcApplicationForMobile/MvcApplicationForMobile.Tests/bin/Debug/MvcApplicationForMobile.Tests.DLL" adapterTypeName="Microsoft.VisualStudio.TestTools.TestTypes.Unit.UnitTestAdapter, Microsoft.VisualStudio.QualityTools.Tips.UnitTest.Adapter, Version=10.0.0.0, Culture=neutral, PublicKeyToken=b03f5f7f11d50a3a" className="MvcApplicationForMobile.Tests.StampTest, MvcApplicationForMobile.Tests, Version=1.0.0.0, Culture=neutral, PublicKeyToken=null" name="StampConstructorTest" />
      <AspNet webSiteUrl="http://localhost:1094/">
        <Host pathToWebApp="C:\Visual Studio\MVCMobileForMobile\MvcApplicationForMobile\MvcApplicationForMobile" webAppRoot="/" />
      </AspNet>
    </UnitTest>
    <UnitTest name="EditTest" storage="c:\visual studio\mvcmobileformobile\mvcapplicationformobile\mvcapplicationformobile.tests\bin\debug\mvcapplicationformobile.tests.dll" id="3490e616-956e-268d-15f1-bded5f6a238b">
      <Execution id="b67aeb9f-1d2a-4bad-be0d-8a1a254f929f" />
      <TestMethod codeBase="C:/Visual Studio/MVCMobileForMobile/MvcApplicationForMobile/MvcApplicationForMobile.Tests/bin/Debug/MvcApplicationForMobile.Tests.DLL" adapterTypeName="Microsoft.VisualStudio.TestTools.TestTypes.Unit.UnitTestAdapter, Microsoft.VisualStudio.QualityTools.Tips.UnitTest.Adapter, Version=10.0.0.0, Culture=neutral, PublicKeyToken=b03f5f7f11d50a3a" className="MvcApplicationForMobile.Tests.UserControllerTest, MvcApplicationForMobile.Tests, Version=1.0.0.0, Culture=neutral, PublicKeyToken=null" name="EditTest" />
      <AspNet webSiteUrl="http://localhost:1094/">
        <Host pathToWebApp="C:\Visual Studio\MVCMobileForMobile\MvcApplicationForMobile\MvcApplicationForMobile" webAppRoot="/" />
      </AspNet>
    </UnitTest>
    <UnitTest name="PostCodeTest" storage="c:\visual studio\mvcmobileformobile\mvcapplicationformobile\mvcapplicationformobile.tests\bin\debug\mvcapplicationformobile.tests.dll" id="67ce96ba-bb8e-10eb-0b38-920918ffd444">
      <Execution id="b3872339-1d63-443a-a770-a026919a1071" />
      <TestMethod codeBase="C:/Visual Studio/MVCMobileForMobile/MvcApplicationForMobile/MvcApplicationForMobile.Tests/bin/Debug/MvcApplicationForMobile.Tests.DLL" adapterTypeName="Microsoft.VisualStudio.TestTools.TestTypes.Unit.UnitTestAdapter, Microsoft.VisualStudio.QualityTools.Tips.UnitTest.Adapter, Version=10.0.0.0, Culture=neutral, PublicKeyToken=b03f5f7f11d50a3a" className="MvcApplicationForMobile.Tests.AddressTest, MvcApplicationForMobile.Tests, Version=1.0.0.0, Culture=neutral, PublicKeyToken=null" name="PostCodeTest" />
      <AspNet webSiteUrl="http://localhost:1094/">
        <Host pathToWebApp="C:\Visual Studio\MVCMobileForMobile\MvcApplicationForMobile\MvcApplicationForMobile" webAppRoot="/" />
      </AspNet>
    </UnitTest>
    <UnitTest name="AddressIDTest" storage="c:\visual studio\mvcmobileformobile\mvcapplicationformobile\mvcapplicationformobile.tests\bin\debug\mvcapplicationformobile.tests.dll" id="af6e97d7-be25-c968-2972-ba822fe00cf7">
      <Execution id="20c2c229-abe3-4859-839c-a2f4df92e03e" />
      <TestMethod codeBase="C:/Visual Studio/MVCMobileForMobile/MvcApplicationForMobile/MvcApplicationForMobile.Tests/bin/Debug/MvcApplicationForMobile.Tests.DLL" adapterTypeName="Microsoft.VisualStudio.TestTools.TestTypes.Unit.UnitTestAdapter, Microsoft.VisualStudio.QualityTools.Tips.UnitTest.Adapter, Version=10.0.0.0, Culture=neutral, PublicKeyToken=b03f5f7f11d50a3a" className="MvcApplicationForMobile.Tests.AddressTest, MvcApplicationForMobile.Tests, Version=1.0.0.0, Culture=neutral, PublicKeyToken=null" name="AddressIDTest" />
      <AspNet webSiteUrl="http://localhost:1094/">
        <Host pathToWebApp="C:\Visual Studio\MVCMobileForMobile\MvcApplicationForMobile\MvcApplicationForMobile" webAppRoot="/" />
      </AspNet>
    </UnitTest>
    <UnitTest name="UserIDTest" storage="c:\visual studio\mvcmobileformobile\mvcapplicationformobile\mvcapplicationformobile.tests\bin\debug\mvcapplicationformobile.tests.dll" id="a0015461-a7c1-e2e5-3973-c2e8d1824d17">
      <Execution id="35c43ef0-da56-4c72-9b92-0c3cd7444b1b" />
      <TestMethod codeBase="C:/Visual Studio/MVCMobileForMobile/MvcApplicationForMobile/MvcApplicationForMobile.Tests/bin/Debug/MvcApplicationForMobile.Tests.DLL" adapterTypeName="Microsoft.VisualStudio.TestTools.TestTypes.Unit.UnitTestAdapter, Microsoft.VisualStudio.QualityTools.Tips.UnitTest.Adapter, Version=10.0.0.0, Culture=neutral, PublicKeyToken=b03f5f7f11d50a3a" className="MvcApplicationForMobile.Tests.AddressTest, MvcApplicationForMobile.Tests, Version=1.0.0.0, Culture=neutral, PublicKeyToken=null" name="UserIDTest" />
      <AspNet webSiteUrl="http://localhost:1094/">
        <Host pathToWebApp="C:\Visual Studio\MVCMobileForMobile\MvcApplicationForMobile\MvcApplicationForMobile" webAppRoot="/" />
      </AspNet>
    </UnitTest>
    <UnitTest name="StartTest" storage="c:\visual studio\mvcmobileformobile\mvcapplicationformobile\mvcapplicationformobile.tests\bin\debug\mvcapplicationformobile.tests.dll" id="598fd84c-4cb6-2b2a-fb07-12da75ccffd8">
      <Execution id="50b508c2-92ab-4895-b3b9-c3f5fae0a0fc" />
      <TestMethod codeBase="C:/Visual Studio/MVCMobileForMobile/MvcApplicationForMobile/MvcApplicationForMobile.Tests/bin/Debug/MvcApplicationForMobile.Tests.DLL" adapterTypeName="Microsoft.VisualStudio.TestTools.TestTypes.Unit.UnitTestAdapter, Microsoft.VisualStudio.QualityTools.Tips.UnitTest.Adapter, Version=10.0.0.0, Culture=neutral, PublicKeyToken=b03f5f7f11d50a3a" className="MvcApplicationForMobile.Tests.RegisterClientValidationExtensionsTest, MvcApplicationForMobile.Tests, Version=1.0.0.0, Culture=neutral, PublicKeyToken=null" name="StartTest" />
      <AspNet webSiteUrl="http://localhost:1094/">
        <Host pathToWebApp="C:\Visual Studio\MVCMobileForMobile\MvcApplicationForMobile\MvcApplicationForMobile" webAppRoot="/" />
      </AspNet>
    </UnitTest>
    <UnitTest name="MobileCapableRazorViewEngineConstructorTest" storage="c:\visual studio\mvcmobileformobile\mvcapplicationformobile\mvcapplicationformobile.tests\bin\debug\mvcapplicationformobile.tests.dll" id="a01f4e0c-f016-3399-fede-e1e7fb70f798">
      <Execution id="aed583ff-7f9b-4562-9a35-8915dbd16d27" />
      <TestMethod codeBase="C:/Visual Studio/MVCMobileForMobile/MvcApplicationForMobile/MvcApplicationForMobile.Tests/bin/Debug/MvcApplicationForMobile.Tests.DLL" adapterTypeName="Microsoft.VisualStudio.TestTools.TestTypes.Unit.UnitTestAdapter, Microsoft.VisualStudio.QualityTools.Tips.UnitTest.Adapter, Version=10.0.0.0, Culture=neutral, PublicKeyToken=b03f5f7f11d50a3a" className="MvcApplicationForMobile.Tests.MobileCapableRazorViewEngineTest, MvcApplicationForMobile.Tests, Version=1.0.0.0, Culture=neutral, PublicKeyToken=null" name="MobileCapableRazorViewEngineConstructorTest" />
      <AspNet webSiteUrl="http://localhost:1094/">
        <Host pathToWebApp="C:\Visual Studio\MVCMobileForMobile\MvcApplicationForMobile\MvcApplicationForMobile" webAppRoot="/" />
      </AspNet>
    </UnitTest>
    <UnitTest name="AccountControllerConstructorTest" storage="c:\visual studio\mvcmobileformobile\mvcapplicationformobile\mvcapplicationformobile.tests\bin\debug\mvcapplicationformobile.tests.dll" id="f15f4f88-6d80-1d13-cb1c-7d9a12073920">
      <Execution id="fa52e444-f456-4d43-b227-204687f0a5a1" />
      <TestMethod codeBase="C:/Visual Studio/MVCMobileForMobile/MvcApplicationForMobile/MvcApplicationForMobile.Tests/bin/Debug/MvcApplicationForMobile.Tests.DLL" adapterTypeName="Microsoft.VisualStudio.TestTools.TestTypes.Unit.UnitTestAdapter, Microsoft.VisualStudio.QualityTools.Tips.UnitTest.Adapter, Version=10.0.0.0, Culture=neutral, PublicKeyToken=b03f5f7f11d50a3a" className="MvcApplicationForMobile.Tests.AccountControllerTest, MvcApplicationForMobile.Tests, Version=1.0.0.0, Culture=neutral, PublicKeyToken=null" name="AccountControllerConstructorTest" />
      <AspNet webSiteUrl="http://localhost:1094/">
        <Host pathToWebApp="C:\Visual Studio\MVCMobileForMobile\MvcApplicationForMobile\MvcApplicationForMobile" webAppRoot="/" />
      </AspNet>
    </UnitTest>
    <UnitTest name="NewFindViewTest" storage="c:\visual studio\mvcmobileformobile\mvcapplicationformobile\mvcapplicationformobile.tests\bin\debug\mvcapplicationformobile.tests.dll" id="0064a344-abfb-cc55-aa59-5e25da69ae4e">
      <DeploymentItems>
        <DeploymentItem filename="MvcApplicationForMobile.dll" />
      </DeploymentItems>
      <Execution id="97a8cff1-3af5-4e1d-990c-1801d9cd6948" />
      <TestMethod codeBase="C:/Visual Studio/MVCMobileForMobile/MvcApplicationForMobile/MvcApplicationForMobile.Tests/bin/Debug/MvcApplicationForMobile.Tests.DLL" adapterTypeName="Microsoft.VisualStudio.TestTools.TestTypes.Unit.UnitTestAdapter, Microsoft.VisualStudio.QualityTools.Tips.UnitTest.Adapter, Version=10.0.0.0, Culture=neutral, PublicKeyToken=b03f5f7f11d50a3a" className="MvcApplicationForMobile.Tests.MobileCapableRazorViewEngineTest, MvcApplicationForMobile.Tests, Version=1.0.0.0, Culture=neutral, PublicKeyToken=null" name="NewFindViewTest" />
      <AspNet webSiteUrl="http://localhost:1094/">
        <Host pathToWebApp="C:\Visual Studio\MVCMobileForMobile\MvcApplicationForMobile\MvcApplicationForMobile" webAppRoot="/" />
      </AspNet>
    </UnitTest>
    <UnitTest name="UserConstructorTest" storage="c:\visual studio\mvcmobileformobile\mvcapplicationformobile\mvcapplicationformobile.tests\bin\debug\mvcapplicationformobile.tests.dll" id="06074f99-0ff5-47ce-3d5d-9755dcc49d5c">
      <Execution id="cbf8723f-53be-478a-b70e-5c73826bc716" />
      <TestMethod codeBase="C:/Visual Studio/MVCMobileForMobile/MvcApplicationForMobile/MvcApplicationForMobile.Tests/bin/Debug/MvcApplicationForMobile.Tests.DLL" adapterTypeName="Microsoft.VisualStudio.TestTools.TestTypes.Unit.UnitTestAdapter, Microsoft.VisualStudio.QualityTools.Tips.UnitTest.Adapter, Version=10.0.0.0, Culture=neutral, PublicKeyToken=b03f5f7f11d50a3a" className="MvcApplicationForMobile.Tests.UserTest, MvcApplicationForMobile.Tests, Version=1.0.0.0, Culture=neutral, PublicKeyToken=null" name="UserConstructorTest" />
      <AspNet webSiteUrl="http://localhost:1094/">
        <Host pathToWebApp="C:\Visual Studio\MVCMobileForMobile\MvcApplicationForMobile\MvcApplicationForMobile" webAppRoot="/" />
      </AspNet>
    </UnitTest>
    <UnitTest name="RegisterRoutesTest" storage="c:\visual studio\mvcmobileformobile\mvcapplicationformobile\mvcapplicationformobile.tests\bin\debug\mvcapplicationformobile.tests.dll" id="f23a98fc-6613-be54-345e-b4e1f6880a2e">
      <Execution id="cfc54dcd-60bf-4454-886e-a6c6e83d1e31" />
      <TestMethod codeBase="C:/Visual Studio/MVCMobileForMobile/MvcApplicationForMobile/MvcApplicationForMobile.Tests/bin/Debug/MvcApplicationForMobile.Tests.DLL" adapterTypeName="Microsoft.VisualStudio.TestTools.TestTypes.Unit.UnitTestAdapter, Microsoft.VisualStudio.QualityTools.Tips.UnitTest.Adapter, Version=10.0.0.0, Culture=neutral, PublicKeyToken=b03f5f7f11d50a3a" className="MvcApplicationForMobile.Tests.MvcApplicationTest, MvcApplicationForMobile.Tests, Version=1.0.0.0, Culture=neutral, PublicKeyToken=null" name="RegisterRoutesTest" />
      <AspNet webSiteUrl="http://localhost:1094/">
        <Host pathToWebApp="C:\Visual Studio\MVCMobileForMobile\MvcApplicationForMobile\MvcApplicationForMobile" webAppRoot="/" />
      </AspNet>
    </UnitTest>
    <UnitTest name="Line2Test" storage="c:\visual studio\mvcmobileformobile\mvcapplicationformobile\mvcapplicationformobile.tests\bin\debug\mvcapplicationformobile.tests.dll" id="d21346a4-0e17-67c9-8fb2-cea2962da139">
      <Execution id="e88f7f39-13d2-4662-aa36-33c15676f7e5" />
      <TestMethod codeBase="C:/Visual Studio/MVCMobileForMobile/MvcApplicationForMobile/MvcApplicationForMobile.Tests/bin/Debug/MvcApplicationForMobile.Tests.DLL" adapterTypeName="Microsoft.VisualStudio.TestTools.TestTypes.Unit.UnitTestAdapter, Microsoft.VisualStudio.QualityTools.Tips.UnitTest.Adapter, Version=10.0.0.0, Culture=neutral, PublicKeyToken=b03f5f7f11d50a3a" className="MvcApplicationForMobile.Tests.AddressTest, MvcApplicationForMobile.Tests, Version=1.0.0.0, Culture=neutral, PublicKeyToken=null" name="Line2Test" />
      <AspNet webSiteUrl="http://localhost:1094/">
        <Host pathToWebApp="C:\Visual Studio\MVCMobileForMobile\MvcApplicationForMobile\MvcApplicationForMobile" webAppRoot="/" />
      </AspNet>
    </UnitTest>
    <UnitTest name="DeleteTest" storage="c:\visual studio\mvcmobileformobile\mvcapplicationformobile\mvcapplicationformobile.tests\bin\debug\mvcapplicationformobile.tests.dll" id="d64ddda7-48c7-92b1-323f-6a87f33fe56f">
      <Execution id="6f3d2c7e-d58c-4f49-8f9e-cf1517e80d4a" />
      <TestMethod codeBase="C:/Visual Studio/MVCMobileForMobile/MvcApplicationForMobile/MvcApplicationForMobile.Tests/bin/Debug/MvcApplicationForMobile.Tests.DLL" adapterTypeName="Microsoft.VisualStudio.TestTools.TestTypes.Unit.UnitTestAdapter, Microsoft.VisualStudio.QualityTools.Tips.UnitTest.Adapter, Version=10.0.0.0, Culture=neutral, PublicKeyToken=b03f5f7f11d50a3a" className="MvcApplicationForMobile.Tests.AddressControllerTest, MvcApplicationForMobile.Tests, Version=1.0.0.0, Culture=neutral, PublicKeyToken=null" name="DeleteTest" />
      <AspNet webSiteUrl="http://localhost:1094/">
        <Host pathToWebApp="C:\Visual Studio\MVCMobileForMobile\MvcApplicationForMobile\MvcApplicationForMobile" webAppRoot="/" />
      </AspNet>
    </UnitTest>
    <UnitTest name="UserInitializerConstructorTest" storage="c:\visual studio\mvcmobileformobile\mvcapplicationformobile\mvcapplicationformobile.tests\bin\debug\mvcapplicationformobile.tests.dll" id="3bd61615-047b-473f-e935-eb36418136b9">
      <Execution id="bf9a7935-77d7-4c20-a3e9-60b7b0ccce86" />
      <TestMethod codeBase="C:/Visual Studio/MVCMobileForMobile/MvcApplicationForMobile/MvcApplicationForMobile.Tests/bin/Debug/MvcApplicationForMobile.Tests.DLL" adapterTypeName="Microsoft.VisualStudio.TestTools.TestTypes.Unit.UnitTestAdapter, Microsoft.VisualStudio.QualityTools.Tips.UnitTest.Adapter, Version=10.0.0.0, Culture=neutral, PublicKeyToken=b03f5f7f11d50a3a" className="MvcApplicationForMobile.Tests.UserInitializerTest, MvcApplicationForMobile.Tests, Version=1.0.0.0, Culture=neutral, PublicKeyToken=null" name="UserInitializerConstructorTest" />
      <AspNet webSiteUrl="http://localhost:1094/">
        <Host pathToWebApp="C:\Visual Studio\MVCMobileForMobile\MvcApplicationForMobile\MvcApplicationForMobile" webAppRoot="/" />
      </AspNet>
    </UnitTest>
    <UnitTest name="FullNameTest" storage="c:\visual studio\mvcmobileformobile\mvcapplicationformobile\mvcapplicationformobile.tests\bin\debug\mvcapplicationformobile.tests.dll" id="395dc3f3-1751-0424-4f5f-d20198736576">
      <Execution id="f3765413-9683-4555-a56c-7a11de350ee4" />
      <TestMethod codeBase="C:/Visual Studio/MVCMobileForMobile/MvcApplicationForMobile/MvcApplicationForMobile.Tests/bin/Debug/MvcApplicationForMobile.Tests.DLL" adapterTypeName="Microsoft.VisualStudio.TestTools.TestTypes.Unit.UnitTestAdapter, Microsoft.VisualStudio.QualityTools.Tips.UnitTest.Adapter, Version=10.0.0.0, Culture=neutral, PublicKeyToken=b03f5f7f11d50a3a" className="MvcApplicationForMobile.Tests.UserTest, MvcApplicationForMobile.Tests, Version=1.0.0.0, Culture=neutral, PublicKeyToken=null" name="FullNameTest" />
      <AspNet webSiteUrl="http://localhost:1094/">
        <Host pathToWebApp="C:\Visual Studio\MVCMobileForMobile\MvcApplicationForMobile\MvcApplicationForMobile" webAppRoot="/" />
      </AspNet>
    </UnitTest>
    <UnitTest name="ChangePasswordTest" storage="c:\visual studio\mvcmobileformobile\mvcapplicationformobile\mvcapplicationformobile.tests\bin\debug\mvcapplicationformobile.tests.dll" id="aac78e1c-7c75-3750-9681-519bfd366755">
      <Execution id="578a8fbf-9ab8-4c03-8342-8b69612da2ee" />
      <TestMethod codeBase="C:/Visual Studio/MVCMobileForMobile/MvcApplicationForMobile/MvcApplicationForMobile.Tests/bin/Debug/MvcApplicationForMobile.Tests.DLL" adapterTypeName="Microsoft.VisualStudio.TestTools.TestTypes.Unit.UnitTestAdapter, Microsoft.VisualStudio.QualityTools.Tips.UnitTest.Adapter, Version=10.0.0.0, Culture=neutral, PublicKeyToken=b03f5f7f11d50a3a" className="MvcApplicationForMobile.Tests.AccountControllerTest, MvcApplicationForMobile.Tests, Version=1.0.0.0, Culture=neutral, PublicKeyToken=null" name="ChangePasswordTest" />
      <AspNet webSiteUrl="http://localhost:1094/">
        <Host pathToWebApp="C:\Visual Studio\MVCMobileForMobile\MvcApplicationForMobile\MvcApplicationForMobile" webAppRoot="/" />
      </AspNet>
    </UnitTest>
    <UnitTest name="OnModelCreatingTest" storage="c:\visual studio\mvcmobileformobile\mvcapplicationformobile\mvcapplicationformobile.tests\bin\debug\mvcapplicationformobile.tests.dll" id="37d80c4b-d00e-2247-93b6-b3de1e90137e">
      <DeploymentItems>
        <DeploymentItem filename="MvcApplicationForMobile.dll" />
      </DeploymentItems>
      <Execution id="76027bb2-29d8-4d71-ae2b-1e036a54adc3" />
      <TestMethod codeBase="C:/Visual Studio/MVCMobileForMobile/MvcApplicationForMobile/MvcApplicationForMobile.Tests/bin/Debug/MvcApplicationForMobile.Tests.DLL" adapterTypeName="Microsoft.VisualStudio.TestTools.TestTypes.Unit.UnitTestAdapter, Microsoft.VisualStudio.QualityTools.Tips.UnitTest.Adapter, Version=10.0.0.0, Culture=neutral, PublicKeyToken=b03f5f7f11d50a3a" className="MvcApplicationForMobile.Tests.UserContextTest, MvcApplicationForMobile.Tests, Version=1.0.0.0, Culture=neutral, PublicKeyToken=null" name="OnModelCreatingTest" />
      <AspNet webSiteUrl="http://localhost:1094/">
        <Host pathToWebApp="C:\Visual Studio\MVCMobileForMobile\MvcApplicationForMobile\MvcApplicationForMobile" webAppRoot="/" />
      </AspNet>
    </UnitTest>
    <UnitTest name="ConfirmPasswordTest" storage="c:\visual studio\mvcmobileformobile\mvcapplicationformobile\mvcapplicationformobile.tests\bin\debug\mvcapplicationformobile.tests.dll" id="753425aa-fda5-4961-1210-b6821dc1d576">
      <Execution id="86a5beaf-0d63-4608-8ee4-bcf2b33a981a" />
      <TestMethod codeBase="C:/Visual Studio/MVCMobileForMobile/MvcApplicationForMobile/MvcApplicationForMobile.Tests/bin/Debug/MvcApplicationForMobile.Tests.DLL" adapterTypeName="Microsoft.VisualStudio.TestTools.TestTypes.Unit.UnitTestAdapter, Microsoft.VisualStudio.QualityTools.Tips.UnitTest.Adapter, Version=10.0.0.0, Culture=neutral, PublicKeyToken=b03f5f7f11d50a3a" className="MvcApplicationForMobile.Tests.RegisterModelTest, MvcApplicationForMobile.Tests, Version=1.0.0.0, Culture=neutral, PublicKeyToken=null" name="ConfirmPasswordTest" />
      <AspNet webSiteUrl="http://localhost:1094/">
        <Host pathToWebApp="C:\Visual Studio\MVCMobileForMobile\MvcApplicationForMobile\MvcApplicationForMobile" webAppRoot="/" />
      </AspNet>
    </UnitTest>
    <UnitTest name="RegisterTest1" storage="c:\visual studio\mvcmobileformobile\mvcapplicationformobile\mvcapplicationformobile.tests\bin\debug\mvcapplicationformobile.tests.dll" id="58ce6396-b7a1-bafb-80db-54cd939d53ea">
      <Execution id="672a2075-2cae-4d59-8839-a0b2e45886f5" />
      <TestMethod codeBase="C:/Visual Studio/MVCMobileForMobile/MvcApplicationForMobile/MvcApplicationForMobile.Tests/bin/Debug/MvcApplicationForMobile.Tests.DLL" adapterTypeName="Microsoft.VisualStudio.TestTools.TestTypes.Unit.UnitTestAdapter, Microsoft.VisualStudio.QualityTools.Tips.UnitTest.Adapter, Version=10.0.0.0, Culture=neutral, PublicKeyToken=b03f5f7f11d50a3a" className="MvcApplicationForMobile.Tests.AccountControllerTest, MvcApplicationForMobile.Tests, Version=1.0.0.0, Culture=neutral, PublicKeyToken=null" name="RegisterTest1" />
      <AspNet webSiteUrl="http://localhost:1094/">
        <Host pathToWebApp="C:\Visual Studio\MVCMobileForMobile\MvcApplicationForMobile\MvcApplicationForMobile" webAppRoot="/" />
      </AspNet>
    </UnitTest>
    <UnitTest name="UserTest" storage="c:\visual studio\mvcmobileformobile\mvcapplicationformobile\mvcapplicationformobile.tests\bin\debug\mvcapplicationformobile.tests.dll" id="32467cfe-123d-d6f1-193d-cea1767b2366">
      <Execution id="11f6e592-d80b-42c9-80c0-95d9b9cb7c89" />
      <TestMethod codeBase="C:/Visual Studio/MVCMobileForMobile/MvcApplicationForMobile/MvcApplicationForMobile.Tests/bin/Debug/MvcApplicationForMobile.Tests.DLL" adapterTypeName="Microsoft.VisualStudio.TestTools.TestTypes.Unit.UnitTestAdapter, Microsoft.VisualStudio.QualityTools.Tips.UnitTest.Adapter, Version=10.0.0.0, Culture=neutral, PublicKeyToken=b03f5f7f11d50a3a" className="MvcApplicationForMobile.Tests.AddressTest, MvcApplicationForMobile.Tests, Version=1.0.0.0, Culture=neutral, PublicKeyToken=null" name="UserTest" />
      <AspNet webSiteUrl="http://localhost:1094/">
        <Host pathToWebApp="C:\Visual Studio\MVCMobileForMobile\MvcApplicationForMobile\MvcApplicationForMobile" webAppRoot="/" />
      </AspNet>
    </UnitTest>
    <UnitTest name="DisposeTest" storage="c:\visual studio\mvcmobileformobile\mvcapplicationformobile\mvcapplicationformobile.tests\bin\debug\mvcapplicationformobile.tests.dll" id="f754cd1c-eadb-0478-b853-786cbde7b929">
      <DeploymentItems>
        <DeploymentItem filename="MvcApplicationForMobile.dll" />
      </DeploymentItems>
      <Execution id="2b8e603e-fc5a-4cd6-961d-5d66a8bfcb58" />
      <TestMethod codeBase="C:/Visual Studio/MVCMobileForMobile/MvcApplicationForMobile/MvcApplicationForMobile.Tests/bin/Debug/MvcApplicationForMobile.Tests.DLL" adapterTypeName="Microsoft.VisualStudio.TestTools.TestTypes.Unit.UnitTestAdapter, Microsoft.VisualStudio.QualityTools.Tips.UnitTest.Adapter, Version=10.0.0.0, Culture=neutral, PublicKeyToken=b03f5f7f11d50a3a" className="MvcApplicationForMobile.Tests.AddressControllerTest, MvcApplicationForMobile.Tests, Version=1.0.0.0, Culture=neutral, PublicKeyToken=null" name="DisposeTest" />
      <AspNet webSiteUrl="http://localhost:1094/">
        <Host pathToWebApp="C:\Visual Studio\MVCMobileForMobile\MvcApplicationForMobile\MvcApplicationForMobile" webAppRoot="/" />
      </AspNet>
    </UnitTest>
    <UnitTest name="UserControllerConstructorTest" storage="c:\visual studio\mvcmobileformobile\mvcapplicationformobile\mvcapplicationformobile.tests\bin\debug\mvcapplicationformobile.tests.dll" id="34071857-435a-563e-57a5-07633f524e7c">
      <Execution id="884a8560-c9dd-4ad0-8ca4-fce1082f9c98" />
      <TestMethod codeBase="C:/Visual Studio/MVCMobileForMobile/MvcApplicationForMobile/MvcApplicationForMobile.Tests/bin/Debug/MvcApplicationForMobile.Tests.DLL" adapterTypeName="Microsoft.VisualStudio.TestTools.TestTypes.Unit.UnitTestAdapter, Microsoft.VisualStudio.QualityTools.Tips.UnitTest.Adapter, Version=10.0.0.0, Culture=neutral, PublicKeyToken=b03f5f7f11d50a3a" className="MvcApplicationForMobile.Tests.UserControllerTest, MvcApplicationForMobile.Tests, Version=1.0.0.0, Culture=neutral, PublicKeyToken=null" name="UserControllerConstructorTest" />
      <AspNet webSiteUrl="http://localhost:1094/">
        <Host pathToWebApp="C:\Visual Studio\MVCMobileForMobile\MvcApplicationForMobile\MvcApplicationForMobile" webAppRoot="/" />
      </AspNet>
    </UnitTest>
    <UnitTest name="FindViewTest" storage="c:\visual studio\mvcmobileformobile\mvcapplicationformobile\mvcapplicationformobile.tests\bin\debug\mvcapplicationformobile.tests.dll" id="7e9ef1a1-3259-b582-3f69-d65574ab4f90">
      <Execution id="07e35767-2085-45e2-9154-fa27cd100839" />
      <TestMethod codeBase="C:/Visual Studio/MVCMobileForMobile/MvcApplicationForMobile/MvcApplicationForMobile.Tests/bin/Debug/MvcApplicationForMobile.Tests.DLL" adapterTypeName="Microsoft.VisualStudio.TestTools.TestTypes.Unit.UnitTestAdapter, Microsoft.VisualStudio.QualityTools.Tips.UnitTest.Adapter, Version=10.0.0.0, Culture=neutral, PublicKeyToken=b03f5f7f11d50a3a" className="MvcApplicationForMobile.Tests.MobileCapableRazorViewEngineTest, MvcApplicationForMobile.Tests, Version=1.0.0.0, Culture=neutral, PublicKeyToken=null" name="FindViewTest" />
      <AspNet webSiteUrl="http://localhost:1094/">
        <Host pathToWebApp="C:\Visual Studio\MVCMobileForMobile\MvcApplicationForMobile\MvcApplicationForMobile" webAppRoot="/" />
      </AspNet>
    </UnitTest>
    <UnitTest name="EditTest1" storage="c:\visual studio\mvcmobileformobile\mvcapplicationformobile\mvcapplicationformobile.tests\bin\debug\mvcapplicationformobile.tests.dll" id="1d7dba89-4e83-4e6a-00e7-9a034f7053da">
      <Execution id="7d58a3ae-96b1-40b8-b9f6-0e9c9e4ca006" />
      <TestMethod codeBase="C:/Visual Studio/MVCMobileForMobile/MvcApplicationForMobile/MvcApplicationForMobile.Tests/bin/Debug/MvcApplicationForMobile.Tests.DLL" adapterTypeName="Microsoft.VisualStudio.TestTools.TestTypes.Unit.UnitTestAdapter, Microsoft.VisualStudio.QualityTools.Tips.UnitTest.Adapter, Version=10.0.0.0, Culture=neutral, PublicKeyToken=b03f5f7f11d50a3a" className="MvcApplicationForMobile.Tests.AddressControllerTest, MvcApplicationForMobile.Tests, Version=1.0.0.0, Culture=neutral, PublicKeyToken=null" name="EditTest1" />
      <AspNet webSiteUrl="http://localhost:1094/">
        <Host pathToWebApp="C:\Visual Studio\MVCMobileForMobile\MvcApplicationForMobile\MvcApplicationForMobile" webAppRoot="/" />
      </AspNet>
    </UnitTest>
    <UnitTest name="LogOnTest1" storage="c:\visual studio\mvcmobileformobile\mvcapplicationformobile\mvcapplicationformobile.tests\bin\debug\mvcapplicationformobile.tests.dll" id="7427da64-fbf6-eb9a-247a-7c0890fb92aa">
      <Execution id="16894b5c-05dd-4f05-9d94-93d8758b3eac" />
      <TestMethod codeBase="C:/Visual Studio/MVCMobileForMobile/MvcApplicationForMobile/MvcApplicationForMobile.Tests/bin/Debug/MvcApplicationForMobile.Tests.DLL" adapterTypeName="Microsoft.VisualStudio.TestTools.TestTypes.Unit.UnitTestAdapter, Microsoft.VisualStudio.QualityTools.Tips.UnitTest.Adapter, Version=10.0.0.0, Culture=neutral, PublicKeyToken=b03f5f7f11d50a3a" className="MvcApplicationForMobile.Tests.AccountControllerTest, MvcApplicationForMobile.Tests, Version=1.0.0.0, Culture=neutral, PublicKeyToken=null" name="LogOnTest1" />
      <AspNet webSiteUrl="http://localhost:1094/">
        <Host pathToWebApp="C:\Visual Studio\MVCMobileForMobile\MvcApplicationForMobile\MvcApplicationForMobile" webAppRoot="/" />
      </AspNet>
    </UnitTest>
    <UnitTest name="CreateTest" storage="c:\visual studio\mvcmobileformobile\mvcapplicationformobile\mvcapplicationformobile.tests\bin\debug\mvcapplicationformobile.tests.dll" id="01f8c041-8c8d-e95d-8e2b-76c6cb05b03b">
      <Execution id="bdc1a2fe-5921-4682-b961-b61be083ad0a" />
      <TestMethod codeBase="C:/Visual Studio/MVCMobileForMobile/MvcApplicationForMobile/MvcApplicationForMobile.Tests/bin/Debug/MvcApplicationForMobile.Tests.DLL" adapterTypeName="Microsoft.VisualStudio.TestTools.TestTypes.Unit.UnitTestAdapter, Microsoft.VisualStudio.QualityTools.Tips.UnitTest.Adapter, Version=10.0.0.0, Culture=neutral, PublicKeyToken=b03f5f7f11d50a3a" className="MvcApplicationForMobile.Tests.UserControllerTest, MvcApplicationForMobile.Tests, Version=1.0.0.0, Culture=neutral, PublicKeyToken=null" name="CreateTest" />
      <AspNet webSiteUrl="http://localhost:1094/">
        <Host pathToWebApp="C:\Visual Studio\MVCMobileForMobile\MvcApplicationForMobile\MvcApplicationForMobile" webAppRoot="/" />
      </AspNet>
    </UnitTest>
    <UnitTest name="RegisterTest" storage="c:\visual studio\mvcmobileformobile\mvcapplicationformobile\mvcapplicationformobile.tests\bin\debug\mvcapplicationformobile.tests.dll" id="3ce3136a-f3cc-0b9b-5635-573ef58f5346">
      <Execution id="0cc8257e-808f-437a-ae55-4605949942b0" />
      <TestMethod codeBase="C:/Visual Studio/MVCMobileForMobile/MvcApplicationForMobile/MvcApplicationForMobile.Tests/bin/Debug/MvcApplicationForMobile.Tests.DLL" adapterTypeName="Microsoft.VisualStudio.TestTools.TestTypes.Unit.UnitTestAdapter, Microsoft.VisualStudio.QualityTools.Tips.UnitTest.Adapter, Version=10.0.0.0, Culture=neutral, PublicKeyToken=b03f5f7f11d50a3a" className="MvcApplicationForMobile.Tests.AccountControllerTest, MvcApplicationForMobile.Tests, Version=1.0.0.0, Culture=neutral, PublicKeyToken=null" name="RegisterTest" />
      <AspNet webSiteUrl="http://localhost:1094/">
        <Host pathToWebApp="C:\Visual Studio\MVCMobileForMobile\MvcApplicationForMobile\MvcApplicationForMobile" webAppRoot="/" />
      </AspNet>
    </UnitTest>
    <UnitTest name="UserNameTest" storage="c:\visual studio\mvcmobileformobile\mvcapplicationformobile\mvcapplicationformobile.tests\bin\debug\mvcapplicationformobile.tests.dll" id="c9dee868-8fcb-cff4-087e-95bfac798ac4">
      <Execution id="be5b94fe-3657-4402-b94a-9f1598a8b0b1" />
      <TestMethod codeBase="C:/Visual Studio/MVCMobileForMobile/MvcApplicationForMobile/MvcApplicationForMobile.Tests/bin/Debug/MvcApplicationForMobile.Tests.DLL" adapterTypeName="Microsoft.VisualStudio.TestTools.TestTypes.Unit.UnitTestAdapter, Microsoft.VisualStudio.QualityTools.Tips.UnitTest.Adapter, Version=10.0.0.0, Culture=neutral, PublicKeyToken=b03f5f7f11d50a3a" className="MvcApplicationForMobile.Tests.RegisterModelTest, MvcApplicationForMobile.Tests, Version=1.0.0.0, Culture=neutral, PublicKeyToken=null" name="UserNameTest" />
      <AspNet webSiteUrl="http://localhost:1094/">
        <Host pathToWebApp="C:\Visual Studio\MVCMobileForMobile\MvcApplicationForMobile\MvcApplicationForMobile" webAppRoot="/" />
      </AspNet>
    </UnitTest>
    <UnitTest name="FirstNameTest" storage="c:\visual studio\mvcmobileformobile\mvcapplicationformobile\mvcapplicationformobile.tests\bin\debug\mvcapplicationformobile.tests.dll" id="89c31356-9e1e-06c5-04df-316791a86d05">
      <Execution id="cc490891-8733-4323-a67f-dee92bf88ba6" />
      <TestMethod codeBase="C:/Visual Studio/MVCMobileForMobile/MvcApplicationForMobile/MvcApplicationForMobile.Tests/bin/Debug/MvcApplicationForMobile.Tests.DLL" adapterTypeName="Microsoft.VisualStudio.TestTools.TestTypes.Unit.UnitTestAdapter, Microsoft.VisualStudio.QualityTools.Tips.UnitTest.Adapter, Version=10.0.0.0, Culture=neutral, PublicKeyToken=b03f5f7f11d50a3a" className="MvcApplicationForMobile.Tests.UserTest, MvcApplicationForMobile.Tests, Version=1.0.0.0, Culture=neutral, PublicKeyToken=null" name="FirstNameTest" />
      <AspNet webSiteUrl="http://localhost:1094/">
        <Host pathToWebApp="C:\Visual Studio\MVCMobileForMobile\MvcApplicationForMobile\MvcApplicationForMobile" webAppRoot="/" />
      </AspNet>
    </UnitTest>
    <UnitTest name="LastNameTest" storage="c:\visual studio\mvcmobileformobile\mvcapplicationformobile\mvcapplicationformobile.tests\bin\debug\mvcapplicationformobile.tests.dll" id="9b36198e-832b-c363-f09a-04638c23877d">
      <Execution id="f341c54b-74f4-4c54-97ed-84e9659b2720" />
      <TestMethod codeBase="C:/Visual Studio/MVCMobileForMobile/MvcApplicationForMobile/MvcApplicationForMobile.Tests/bin/Debug/MvcApplicationForMobile.Tests.DLL" adapterTypeName="Microsoft.VisualStudio.TestTools.TestTypes.Unit.UnitTestAdapter, Microsoft.VisualStudio.QualityTools.Tips.UnitTest.Adapter, Version=10.0.0.0, Culture=neutral, PublicKeyToken=b03f5f7f11d50a3a" className="MvcApplicationForMobile.Tests.UserTest, MvcApplicationForMobile.Tests, Version=1.0.0.0, Culture=neutral, PublicKeyToken=null" name="LastNameTest" />
      <AspNet webSiteUrl="http://localhost:1094/">
        <Host pathToWebApp="C:\Visual Studio\MVCMobileForMobile\MvcApplicationForMobile\MvcApplicationForMobile" webAppRoot="/" />
      </AspNet>
    </UnitTest>
    <UnitTest name="UsersTest" storage="c:\visual studio\mvcmobileformobile\mvcapplicationformobile\mvcapplicationformobile.tests\bin\debug\mvcapplicationformobile.tests.dll" id="1ce9068d-2ed2-6e2c-4b88-0c431abc8d22">
      <Execution id="a7835693-c0fe-4293-a13f-6ebe61fdf468" />
      <TestMethod codeBase="C:/Visual Studio/MVCMobileForMobile/MvcApplicationForMobile/MvcApplicationForMobile.Tests/bin/Debug/MvcApplicationForMobile.Tests.DLL" adapterTypeName="Microsoft.VisualStudio.TestTools.TestTypes.Unit.UnitTestAdapter, Microsoft.VisualStudio.QualityTools.Tips.UnitTest.Adapter, Version=10.0.0.0, Culture=neutral, PublicKeyToken=b03f5f7f11d50a3a" className="MvcApplicationForMobile.Tests.UserContextTest, MvcApplicationForMobile.Tests, Version=1.0.0.0, Culture=neutral, PublicKeyToken=null" name="UsersTest" />
      <AspNet webSiteUrl="http://localhost:1094/">
        <Host pathToWebApp="C:\Visual Studio\MVCMobileForMobile\MvcApplicationForMobile\MvcApplicationForMobile" webAppRoot="/" />
      </AspNet>
    </UnitTest>
    <UnitTest name="SeedTest" storage="c:\visual studio\mvcmobileformobile\mvcapplicationformobile\mvcapplicationformobile.tests\bin\debug\mvcapplicationformobile.tests.dll" id="3420f030-d1fe-b363-1736-1c677d647354">
      <DeploymentItems>
        <DeploymentItem filename="MvcApplicationForMobile.dll" />
      </DeploymentItems>
      <Execution id="52435243-ea54-42d9-934f-ebbdde9b090f" />
      <TestMethod codeBase="C:/Visual Studio/MVCMobileForMobile/MvcApplicationForMobile/MvcApplicationForMobile.Tests/bin/Debug/MvcApplicationForMobile.Tests.DLL" adapterTypeName="Microsoft.VisualStudio.TestTools.TestTypes.Unit.UnitTestAdapter, Microsoft.VisualStudio.QualityTools.Tips.UnitTest.Adapter, Version=10.0.0.0, Culture=neutral, PublicKeyToken=b03f5f7f11d50a3a" className="MvcApplicationForMobile.Tests.UserInitializerTest, MvcApplicationForMobile.Tests, Version=1.0.0.0, Culture=neutral, PublicKeyToken=null" name="SeedTest" />
      <AspNet webSiteUrl="http://localhost:1094/">
        <Host pathToWebApp="C:\Visual Studio\MVCMobileForMobile\MvcApplicationForMobile\MvcApplicationForMobile" webAppRoot="/" />
      </AspNet>
    </UnitTest>
    <UnitTest name="LogOffTest" storage="c:\visual studio\mvcmobileformobile\mvcapplicationformobile\mvcapplicationformobile.tests\bin\debug\mvcapplicationformobile.tests.dll" id="3ff428d6-c9ef-687e-afdf-d7a6d521fbc9">
      <Execution id="ecab3b1d-c1b7-4766-b148-b55356771c08" />
      <TestMethod codeBase="C:/Visual Studio/MVCMobileForMobile/MvcApplicationForMobile/MvcApplicationForMobile.Tests/bin/Debug/MvcApplicationForMobile.Tests.DLL" adapterTypeName="Microsoft.VisualStudio.TestTools.TestTypes.Unit.UnitTestAdapter, Microsoft.VisualStudio.QualityTools.Tips.UnitTest.Adapter, Version=10.0.0.0, Culture=neutral, PublicKeyToken=b03f5f7f11d50a3a" className="MvcApplicationForMobile.Tests.AccountControllerTest, MvcApplicationForMobile.Tests, Version=1.0.0.0, Culture=neutral, PublicKeyToken=null" name="LogOffTest" />
      <AspNet webSiteUrl="http://localhost:1094/">
        <Host pathToWebApp="C:\Visual Studio\MVCMobileForMobile\MvcApplicationForMobile\MvcApplicationForMobile" webAppRoot="/" />
      </AspNet>
    </UnitTest>
    <UnitTest name="CreateTest1" storage="c:\visual studio\mvcmobileformobile\mvcapplicationformobile\mvcapplicationformobile.tests\bin\debug\mvcapplicationformobile.tests.dll" id="056f5a47-b718-f228-ee66-7da73f289589">
      <Execution id="dc2b0373-b4f5-4c3e-bee9-f48c7791706b" />
      <TestMethod codeBase="C:/Visual Studio/MVCMobileForMobile/MvcApplicationForMobile/MvcApplicationForMobile.Tests/bin/Debug/MvcApplicationForMobile.Tests.DLL" adapterTypeName="Microsoft.VisualStudio.TestTools.TestTypes.Unit.UnitTestAdapter, Microsoft.VisualStudio.QualityTools.Tips.UnitTest.Adapter, Version=10.0.0.0, Culture=neutral, PublicKeyToken=b03f5f7f11d50a3a" className="MvcApplicationForMobile.Tests.AddressControllerTest, MvcApplicationForMobile.Tests, Version=1.0.0.0, Culture=neutral, PublicKeyToken=null" name="CreateTest1" />
      <AspNet webSiteUrl="http://localhost:1094/">
        <Host pathToWebApp="C:\Visual Studio\MVCMobileForMobile\MvcApplicationForMobile\MvcApplicationForMobile" webAppRoot="/" />
      </AspNet>
    </UnitTest>
    <UnitTest name="EmailTest" storage="c:\visual studio\mvcmobileformobile\mvcapplicationformobile\mvcapplicationformobile.tests\bin\debug\mvcapplicationformobile.tests.dll" id="d994e657-6a3d-3c6b-cbcc-01124243f9e3">
      <Execution id="0b140d78-c07a-4a73-9a37-2383ed05713d" />
      <TestMethod codeBase="C:/Visual Studio/MVCMobileForMobile/MvcApplicationForMobile/MvcApplicationForMobile.Tests/bin/Debug/MvcApplicationForMobile.Tests.DLL" adapterTypeName="Microsoft.VisualStudio.TestTools.TestTypes.Unit.UnitTestAdapter, Microsoft.VisualStudio.QualityTools.Tips.UnitTest.Adapter, Version=10.0.0.0, Culture=neutral, PublicKeyToken=b03f5f7f11d50a3a" className="MvcApplicationForMobile.Tests.RegisterModelTest, MvcApplicationForMobile.Tests, Version=1.0.0.0, Culture=neutral, PublicKeyToken=null" name="EmailTest" />
      <AspNet webSiteUrl="http://localhost:1094/">
        <Host pathToWebApp="C:\Visual Studio\MVCMobileForMobile\MvcApplicationForMobile\MvcApplicationForMobile" webAppRoot="/" />
      </AspNet>
    </UnitTest>
    <UnitTest name="NewFindViewTest" storage="c:\visual studio\mvcmobileformobile\mvcapplicationformobile\mvcapplicationformobile.tests\bin\debug\mvcapplicationformobile.tests.dll" id="f31db24a-f483-c1dd-33ca-be1d0cc608ef">
      <DeploymentItems>
        <DeploymentItem filename="MvcApplicationForMobile.dll" />
      </DeploymentItems>
      <Execution id="2bf8842c-3e66-4ae3-8491-a0c6d8a1a4ce" />
      <TestMethod codeBase="C:/Visual Studio/MVCMobileForMobile/MvcApplicationForMobile/MvcApplicationForMobile.Tests/bin/Debug/MvcApplicationForMobile.Tests.DLL" adapterTypeName="Microsoft.VisualStudio.TestTools.TestTypes.Unit.UnitTestAdapter, Microsoft.VisualStudio.QualityTools.Tips.UnitTest.Adapter, Version=10.0.0.0, Culture=neutral, PublicKeyToken=b03f5f7f11d50a3a" className="MvcApplicationForMobile.Tests.MobileCapableWebFormViewEngineTest, MvcApplicationForMobile.Tests, Version=1.0.0.0, Culture=neutral, PublicKeyToken=null" name="NewFindViewTest" />
      <AspNet webSiteUrl="http://localhost:1094/">
        <Host pathToWebApp="C:\Visual Studio\MVCMobileForMobile\MvcApplicationForMobile\MvcApplicationForMobile" webAppRoot="/" />
      </AspNet>
    </UnitTest>
    <UnitTest name="ProblemTest" storage="c:\visual studio\mvcmobileformobile\mvcapplicationformobile\mvcapplicationformobile.tests\bin\debug\mvcapplicationformobile.tests.dll" id="1ec0d38c-d251-822b-335a-56446645e5a3">
      <Execution id="370aa5f1-8374-47ff-a8ea-478eb20e7f3b" />
      <TestMethod codeBase="C:/Visual Studio/MVCMobileForMobile/MvcApplicationForMobile/MvcApplicationForMobile.Tests/bin/Debug/MvcApplicationForMobile.Tests.DLL" adapterTypeName="Microsoft.VisualStudio.TestTools.TestTypes.Unit.UnitTestAdapter, Microsoft.VisualStudio.QualityTools.Tips.UnitTest.Adapter, Version=10.0.0.0, Culture=neutral, PublicKeyToken=b03f5f7f11d50a3a" className="MvcApplicationForMobile.Tests.UserControllerTest, MvcApplicationForMobile.Tests, Version=1.0.0.0, Culture=neutral, PublicKeyToken=null" name="ProblemTest" />
      <AspNet webSiteUrl="http://localhost:1094/">
        <Host pathToWebApp="C:\Visual Studio\MVCMobileForMobile\MvcApplicationForMobile\MvcApplicationForMobile" webAppRoot="/" />
      </AspNet>
    </UnitTest>
    <UnitTest name="DeleteConfirmedTest" storage="c:\visual studio\mvcmobileformobile\mvcapplicationformobile\mvcapplicationformobile.tests\bin\debug\mvcapplicationformobile.tests.dll" id="9a78ecff-47f8-9028-4a9d-1c52afb23445">
      <Execution id="a62d16c9-adad-46e7-8a14-6ad5eb9fa52a" />
      <TestMethod codeBase="C:/Visual Studio/MVCMobileForMobile/MvcApplicationForMobile/MvcApplicationForMobile.Tests/bin/Debug/MvcApplicationForMobile.Tests.DLL" adapterTypeName="Microsoft.VisualStudio.TestTools.TestTypes.Unit.UnitTestAdapter, Microsoft.VisualStudio.QualityTools.Tips.UnitTest.Adapter, Version=10.0.0.0, Culture=neutral, PublicKeyToken=b03f5f7f11d50a3a" className="MvcApplicationForMobile.Tests.UserControllerTest, MvcApplicationForMobile.Tests, Version=1.0.0.0, Culture=neutral, PublicKeyToken=null" name="DeleteConfirmedTest" />
      <AspNet webSiteUrl="http://localhost:1094/">
        <Host pathToWebApp="C:\Visual Studio\MVCMobileForMobile\MvcApplicationForMobile\MvcApplicationForMobile" webAppRoot="/" />
      </AspNet>
    </UnitTest>
    <UnitTest name="LogOnTest" storage="c:\visual studio\mvcmobileformobile\mvcapplicationformobile\mvcapplicationformobile.tests\bin\debug\mvcapplicationformobile.tests.dll" id="e9703f59-6466-cdd2-f09a-023d9d1bf358">
      <Execution id="488e709e-14f6-47c3-81d8-263dc08c0f57" />
      <TestMethod codeBase="C:/Visual Studio/MVCMobileForMobile/MvcApplicationForMobile/MvcApplicationForMobile.Tests/bin/Debug/MvcApplicationForMobile.Tests.DLL" adapterTypeName="Microsoft.VisualStudio.TestTools.TestTypes.Unit.UnitTestAdapter, Microsoft.VisualStudio.QualityTools.Tips.UnitTest.Adapter, Version=10.0.0.0, Culture=neutral, PublicKeyToken=b03f5f7f11d50a3a" className="MvcApplicationForMobile.Tests.AccountControllerTest, MvcApplicationForMobile.Tests, Version=1.0.0.0, Culture=neutral, PublicKeyToken=null" name="LogOnTest" />
      <AspNet webSiteUrl="http://localhost:1094/">
        <Host pathToWebApp="C:\Visual Studio\MVCMobileForMobile\MvcApplicationForMobile\MvcApplicationForMobile" webAppRoot="/" />
      </AspNet>
    </UnitTest>
    <UnitTest name="RegisterModelConstructorTest" storage="c:\visual studio\mvcmobileformobile\mvcapplicationformobile\mvcapplicationformobile.tests\bin\debug\mvcapplicationformobile.tests.dll" id="efa86576-c578-4d19-a415-d64c7fff34ca">
      <Execution id="f13fc8bd-9c54-451f-a469-d4a7ec0a1e7a" />
      <TestMethod codeBase="C:/Visual Studio/MVCMobileForMobile/MvcApplicationForMobile/MvcApplicationForMobile.Tests/bin/Debug/MvcApplicationForMobile.Tests.DLL" adapterTypeName="Microsoft.VisualStudio.TestTools.TestTypes.Unit.UnitTestAdapter, Microsoft.VisualStudio.QualityTools.Tips.UnitTest.Adapter, Version=10.0.0.0, Culture=neutral, PublicKeyToken=b03f5f7f11d50a3a" className="MvcApplicationForMobile.Tests.RegisterModelTest, MvcApplicationForMobile.Tests, Version=1.0.0.0, Culture=neutral, PublicKeyToken=null" name="RegisterModelConstructorTest" />
      <AspNet webSiteUrl="http://localhost:1094/">
        <Host pathToWebApp="C:\Visual Studio\MVCMobileForMobile\MvcApplicationForMobile\MvcApplicationForMobile" webAppRoot="/" />
      </AspNet>
    </UnitTest>
    <UnitTest name="AddressesTest" storage="c:\visual studio\mvcmobileformobile\mvcapplicationformobile\mvcapplicationformobile.tests\bin\debug\mvcapplicationformobile.tests.dll" id="149ffe69-393f-1625-d4f7-c17df81773b5">
      <Execution id="318d4f06-092b-412e-b4ad-3e3632472978" />
      <TestMethod codeBase="C:/Visual Studio/MVCMobileForMobile/MvcApplicationForMobile/MvcApplicationForMobile.Tests/bin/Debug/MvcApplicationForMobile.Tests.DLL" adapterTypeName="Microsoft.VisualStudio.TestTools.TestTypes.Unit.UnitTestAdapter, Microsoft.VisualStudio.QualityTools.Tips.UnitTest.Adapter, Version=10.0.0.0, Culture=neutral, PublicKeyToken=b03f5f7f11d50a3a" className="MvcApplicationForMobile.Tests.UserTest, MvcApplicationForMobile.Tests, Version=1.0.0.0, Culture=neutral, PublicKeyToken=null" name="AddressesTest" />
      <AspNet webSiteUrl="http://localhost:1094/">
        <Host pathToWebApp="C:\Visual Studio\MVCMobileForMobile\MvcApplicationForMobile\MvcApplicationForMobile" webAppRoot="/" />
      </AspNet>
    </UnitTest>
    <UnitTest name="PasswordTest" storage="c:\visual studio\mvcmobileformobile\mvcapplicationformobile\mvcapplicationformobile.tests\bin\debug\mvcapplicationformobile.tests.dll" id="e7fbb722-19d0-8f92-42c6-6a76eadb1875">
      <Execution id="7f306709-51e9-4cd2-ab2a-b46d103ff9d3" />
      <TestMethod codeBase="C:/Visual Studio/MVCMobileForMobile/MvcApplicationForMobile/MvcApplicationForMobile.Tests/bin/Debug/MvcApplicationForMobile.Tests.DLL" adapterTypeName="Microsoft.VisualStudio.TestTools.TestTypes.Unit.UnitTestAdapter, Microsoft.VisualStudio.QualityTools.Tips.UnitTest.Adapter, Version=10.0.0.0, Culture=neutral, PublicKeyToken=b03f5f7f11d50a3a" className="MvcApplicationForMobile.Tests.LogOnModelTest, MvcApplicationForMobile.Tests, Version=1.0.0.0, Culture=neutral, PublicKeyToken=null" name="PasswordTest" />
      <AspNet webSiteUrl="http://localhost:1094/">
        <Host pathToWebApp="C:\Visual Studio\MVCMobileForMobile\MvcApplicationForMobile\MvcApplicationForMobile" webAppRoot="/" />
      </AspNet>
    </UnitTest>
    <UnitTest name="IsDeletedTest" storage="c:\visual studio\mvcmobileformobile\mvcapplicationformobile\mvcapplicationformobile.tests\bin\debug\mvcapplicationformobile.tests.dll" id="cf2fe159-c5d4-a641-ac0d-5ee30c781fd1">
      <Execution id="cdcea130-a8b4-48dd-ab77-052e45589a27" />
      <TestMethod codeBase="C:/Visual Studio/MVCMobileForMobile/MvcApplicationForMobile/MvcApplicationForMobile.Tests/bin/Debug/MvcApplicationForMobile.Tests.DLL" adapterTypeName="Microsoft.VisualStudio.TestTools.TestTypes.Unit.UnitTestAdapter, Microsoft.VisualStudio.QualityTools.Tips.UnitTest.Adapter, Version=10.0.0.0, Culture=neutral, PublicKeyToken=b03f5f7f11d50a3a" className="MvcApplicationForMobile.Tests.StampTest, MvcApplicationForMobile.Tests, Version=1.0.0.0, Culture=neutral, PublicKeyToken=null" name="IsDeletedTest" />
      <AspNet webSiteUrl="http://localhost:1094/">
        <Host pathToWebApp="C:\Visual Studio\MVCMobileForMobile\MvcApplicationForMobile\MvcApplicationForMobile" webAppRoot="/" />
      </AspNet>
    </UnitTest>
    <UnitTest name="UserContextConstructorTest" storage="c:\visual studio\mvcmobileformobile\mvcapplicationformobile\mvcapplicationformobile.tests\bin\debug\mvcapplicationformobile.tests.dll" id="163a3109-bf33-fd76-11cc-fb56d7fd1830">
      <Execution id="4f1328a9-1c43-4ddd-98a8-510baec7085d" />
      <TestMethod codeBase="C:/Visual Studio/MVCMobileForMobile/MvcApplicationForMobile/MvcApplicationForMobile.Tests/bin/Debug/MvcApplicationForMobile.Tests.DLL" adapterTypeName="Microsoft.VisualStudio.TestTools.TestTypes.Unit.UnitTestAdapter, Microsoft.VisualStudio.QualityTools.Tips.UnitTest.Adapter, Version=10.0.0.0, Culture=neutral, PublicKeyToken=b03f5f7f11d50a3a" className="MvcApplicationForMobile.Tests.UserContextTest, MvcApplicationForMobile.Tests, Version=1.0.0.0, Culture=neutral, PublicKeyToken=null" name="UserContextConstructorTest" />
      <AspNet webSiteUrl="http://localhost:1094/">
        <Host pathToWebApp="C:\Visual Studio\MVCMobileForMobile\MvcApplicationForMobile\MvcApplicationForMobile" webAppRoot="/" />
      </AspNet>
    </UnitTest>
    <UnitTest name="DisposeTest" storage="c:\visual studio\mvcmobileformobile\mvcapplicationformobile\mvcapplicationformobile.tests\bin\debug\mvcapplicationformobile.tests.dll" id="24a23f4e-6e4d-16dc-75e4-adcc94a4cd70">
      <DeploymentItems>
        <DeploymentItem filename="MvcApplicationForMobile.dll" />
      </DeploymentItems>
      <Execution id="f55e38ee-f7e1-4aa8-a084-fa97bc16f5f1" />
      <TestMethod codeBase="C:/Visual Studio/MVCMobileForMobile/MvcApplicationForMobile/MvcApplicationForMobile.Tests/bin/Debug/MvcApplicationForMobile.Tests.DLL" adapterTypeName="Microsoft.VisualStudio.TestTools.TestTypes.Unit.UnitTestAdapter, Microsoft.VisualStudio.QualityTools.Tips.UnitTest.Adapter, Version=10.0.0.0, Culture=neutral, PublicKeyToken=b03f5f7f11d50a3a" className="MvcApplicationForMobile.Tests.UserControllerTest, MvcApplicationForMobile.Tests, Version=1.0.0.0, Culture=neutral, PublicKeyToken=null" name="DisposeTest" />
      <AspNet webSiteUrl="http://localhost:1094/">
        <Host pathToWebApp="C:\Visual Studio\MVCMobileForMobile\MvcApplicationForMobile\MvcApplicationForMobile" webAppRoot="/" />
      </AspNet>
    </UnitTest>
    <UnitTest name="EditTest1" storage="c:\visual studio\mvcmobileformobile\mvcapplicationformobile\mvcapplicationformobile.tests\bin\debug\mvcapplicationformobile.tests.dll" id="97cb9450-510c-dde8-3f7b-9fda0d423dd1">
      <Execution id="e5eb93a2-be4c-489b-8c81-f902005eff5e" />
      <TestMethod codeBase="C:/Visual Studio/MVCMobileForMobile/MvcApplicationForMobile/MvcApplicationForMobile.Tests/bin/Debug/MvcApplicationForMobile.Tests.DLL" adapterTypeName="Microsoft.VisualStudio.TestTools.TestTypes.Unit.UnitTestAdapter, Microsoft.VisualStudio.QualityTools.Tips.UnitTest.Adapter, Version=10.0.0.0, Culture=neutral, PublicKeyToken=b03f5f7f11d50a3a" className="MvcApplicationForMobile.Tests.UserControllerTest, MvcApplicationForMobile.Tests, Version=1.0.0.0, Culture=neutral, PublicKeyToken=null" name="EditTest1" />
      <AspNet webSiteUrl="http://localhost:1094/">
        <Host pathToWebApp="C:\Visual Studio\MVCMobileForMobile\MvcApplicationForMobile\MvcApplicationForMobile" webAppRoot="/" />
      </AspNet>
    </UnitTest>
    <UnitTest name="RegisterGlobalFiltersTest" storage="c:\visual studio\mvcmobileformobile\mvcapplicationformobile\mvcapplicationformobile.tests\bin\debug\mvcapplicationformobile.tests.dll" id="586c479d-dc9e-2d7d-4434-ba394bad1d10">
      <Execution id="93a77b02-194b-4cd9-af6e-7dbbd69f9183" />
      <TestMethod codeBase="C:/Visual Studio/MVCMobileForMobile/MvcApplicationForMobile/MvcApplicationForMobile.Tests/bin/Debug/MvcApplicationForMobile.Tests.DLL" adapterTypeName="Microsoft.VisualStudio.TestTools.TestTypes.Unit.UnitTestAdapter, Microsoft.VisualStudio.QualityTools.Tips.UnitTest.Adapter, Version=10.0.0.0, Culture=neutral, PublicKeyToken=b03f5f7f11d50a3a" className="MvcApplicationForMobile.Tests.MvcApplicationTest, MvcApplicationForMobile.Tests, Version=1.0.0.0, Culture=neutral, PublicKeyToken=null" name="RegisterGlobalFiltersTest" />
      <AspNet webSiteUrl="http://localhost:1094/">
        <Host pathToWebApp="C:\Visual Studio\MVCMobileForMobile\MvcApplicationForMobile\MvcApplicationForMobile" webAppRoot="/" />
      </AspNet>
    </UnitTest>
    <UnitTest name="UserNameTest" storage="c:\visual studio\mvcmobileformobile\mvcapplicationformobile\mvcapplicationformobile.tests\bin\debug\mvcapplicationformobile.tests.dll" id="8e2ccb9e-53be-8ca3-4613-a5b1bc0d64e7">
      <Execution id="a7177e6b-11e9-4cdd-bdd0-d49b6cea31ed" />
      <TestMethod codeBase="C:/Visual Studio/MVCMobileForMobile/MvcApplicationForMobile/MvcApplicationForMobile.Tests/bin/Debug/MvcApplicationForMobile.Tests.DLL" adapterTypeName="Microsoft.VisualStudio.TestTools.TestTypes.Unit.UnitTestAdapter, Microsoft.VisualStudio.QualityTools.Tips.UnitTest.Adapter, Version=10.0.0.0, Culture=neutral, PublicKeyToken=b03f5f7f11d50a3a" className="MvcApplicationForMobile.Tests.LogOnModelTest, MvcApplicationForMobile.Tests, Version=1.0.0.0, Culture=neutral, PublicKeyToken=null" name="UserNameTest" />
      <AspNet webSiteUrl="http://localhost:1094/">
        <Host pathToWebApp="C:\Visual Studio\MVCMobileForMobile\MvcApplicationForMobile\MvcApplicationForMobile" webAppRoot="/" />
      </AspNet>
    </UnitTest>
    <UnitTest name="AddressesTest" storage="c:\visual studio\mvcmobileformobile\mvcapplicationformobile\mvcapplicationformobile.tests\bin\debug\mvcapplicationformobile.tests.dll" id="9bc04a29-13e9-38c0-c680-4a88a18fa2af">
      <Execution id="77c2d192-ea4b-4bfc-b4c6-0d41c545c14d" />
      <TestMethod codeBase="C:/Visual Studio/MVCMobileForMobile/MvcApplicationForMobile/MvcApplicationForMobile.Tests/bin/Debug/MvcApplicationForMobile.Tests.DLL" adapterTypeName="Microsoft.VisualStudio.TestTools.TestTypes.Unit.UnitTestAdapter, Microsoft.VisualStudio.QualityTools.Tips.UnitTest.Adapter, Version=10.0.0.0, Culture=neutral, PublicKeyToken=b03f5f7f11d50a3a" className="MvcApplicationForMobile.Tests.UserContextTest, MvcApplicationForMobile.Tests, Version=1.0.0.0, Culture=neutral, PublicKeyToken=null" name="AddressesTest" />
      <AspNet webSiteUrl="http://localhost:1094/">
        <Host pathToWebApp="C:\Visual Studio\MVCMobileForMobile\MvcApplicationForMobile\MvcApplicationForMobile" webAppRoot="/" />
      </AspNet>
    </UnitTest>
    <UnitTest name="DeleteTest" storage="c:\visual studio\mvcmobileformobile\mvcapplicationformobile\mvcapplicationformobile.tests\bin\debug\mvcapplicationformobile.tests.dll" id="52a473e2-083f-e5dc-6b63-7538c1a78703">
      <Execution id="45443033-dec9-4754-ba55-8cc4010b155b" />
      <TestMethod codeBase="C:/Visual Studio/MVCMobileForMobile/MvcApplicationForMobile/MvcApplicationForMobile.Tests/bin/Debug/MvcApplicationForMobile.Tests.DLL" adapterTypeName="Microsoft.VisualStudio.TestTools.TestTypes.Unit.UnitTestAdapter, Microsoft.VisualStudio.QualityTools.Tips.UnitTest.Adapter, Version=10.0.0.0, Culture=neutral, PublicKeyToken=b03f5f7f11d50a3a" className="MvcApplicationForMobile.Tests.UserControllerTest, MvcApplicationForMobile.Tests, Version=1.0.0.0, Culture=neutral, PublicKeyToken=null" name="DeleteTest" />
      <AspNet webSiteUrl="http://localhost:1094/">
        <Host pathToWebApp="C:\Visual Studio\MVCMobileForMobile\MvcApplicationForMobile\MvcApplicationForMobile" webAppRoot="/" />
      </AspNet>
    </UnitTest>
    <UnitTest name="ChangePasswordSuccessTest" storage="c:\visual studio\mvcmobileformobile\mvcapplicationformobile\mvcapplicationformobile.tests\bin\debug\mvcapplicationformobile.tests.dll" id="9b64ee78-182c-56b4-be47-451732173790">
      <Execution id="f3405425-d086-4cd3-b7be-62ebadf81226" />
      <TestMethod codeBase="C:/Visual Studio/MVCMobileForMobile/MvcApplicationForMobile/MvcApplicationForMobile.Tests/bin/Debug/MvcApplicationForMobile.Tests.DLL" adapterTypeName="Microsoft.VisualStudio.TestTools.TestTypes.Unit.UnitTestAdapter, Microsoft.VisualStudio.QualityTools.Tips.UnitTest.Adapter, Version=10.0.0.0, Culture=neutral, PublicKeyToken=b03f5f7f11d50a3a" className="MvcApplicationForMobile.Tests.AccountControllerTest, MvcApplicationForMobile.Tests, Version=1.0.0.0, Culture=neutral, PublicKeyToken=null" name="ChangePasswordSuccessTest" />
      <AspNet webSiteUrl="http://localhost:1094/">
        <Host pathToWebApp="C:\Visual Studio\MVCMobileForMobile\MvcApplicationForMobile\MvcApplicationForMobile" webAppRoot="/" />
      </AspNet>
    </UnitTest>
    <UnitTest name="CreateTest1" storage="c:\visual studio\mvcmobileformobile\mvcapplicationformobile\mvcapplicationformobile.tests\bin\debug\mvcapplicationformobile.tests.dll" id="795d2278-294a-ee80-77b0-b74189df867f">
      <Execution id="9855dfb0-f5dc-45fe-b024-edea12cfddda" />
      <TestMethod codeBase="C:/Visual Studio/MVCMobileForMobile/MvcApplicationForMobile/MvcApplicationForMobile.Tests/bin/Debug/MvcApplicationForMobile.Tests.DLL" adapterTypeName="Microsoft.VisualStudio.TestTools.TestTypes.Unit.UnitTestAdapter, Microsoft.VisualStudio.QualityTools.Tips.UnitTest.Adapter, Version=10.0.0.0, Culture=neutral, PublicKeyToken=b03f5f7f11d50a3a" className="MvcApplicationForMobile.Tests.UserControllerTest, MvcApplicationForMobile.Tests, Version=1.0.0.0, Culture=neutral, PublicKeyToken=null" name="CreateTest1" />
      <AspNet webSiteUrl="http://localhost:1094/">
        <Host pathToWebApp="C:\Visual Studio\MVCMobileForMobile\MvcApplicationForMobile\MvcApplicationForMobile" webAppRoot="/" />
      </AspNet>
    </UnitTest>
    <UnitTest name="TimestampTest" storage="c:\visual studio\mvcmobileformobile\mvcapplicationformobile\mvcapplicationformobile.tests\bin\debug\mvcapplicationformobile.tests.dll" id="518c469a-1bd1-f740-ed8d-ba3aeb8e0ad1">
      <Execution id="0e5823bc-5c57-4e5c-b148-952be97e9a89" />
      <TestMethod codeBase="C:/Visual Studio/MVCMobileForMobile/MvcApplicationForMobile/MvcApplicationForMobile.Tests/bin/Debug/MvcApplicationForMobile.Tests.DLL" adapterTypeName="Microsoft.VisualStudio.TestTools.TestTypes.Unit.UnitTestAdapter, Microsoft.VisualStudio.QualityTools.Tips.UnitTest.Adapter, Version=10.0.0.0, Culture=neutral, PublicKeyToken=b03f5f7f11d50a3a" className="MvcApplicationForMobile.Tests.AddressTest, MvcApplicationForMobile.Tests, Version=1.0.0.0, Culture=neutral, PublicKeyToken=null" name="TimestampTest" />
      <AspNet webSiteUrl="http://localhost:1094/">
        <Host pathToWebApp="C:\Visual Studio\MVCMobileForMobile\MvcApplicationForMobile\MvcApplicationForMobile" webAppRoot="/" />
      </AspNet>
    </UnitTest>
    <UnitTest name="DateAddedTest" storage="c:\visual studio\mvcmobileformobile\mvcapplicationformobile\mvcapplicationformobile.tests\bin\debug\mvcapplicationformobile.tests.dll" id="a29e88f8-38d0-3daf-170c-d5637417fd36">
      <Execution id="3521ed1d-2d62-4b87-a7ab-94928007af58" />
      <TestMethod codeBase="C:/Visual Studio/MVCMobileForMobile/MvcApplicationForMobile/MvcApplicationForMobile.Tests/bin/Debug/MvcApplicationForMobile.Tests.DLL" adapterTypeName="Microsoft.VisualStudio.TestTools.TestTypes.Unit.UnitTestAdapter, Microsoft.VisualStudio.QualityTools.Tips.UnitTest.Adapter, Version=10.0.0.0, Culture=neutral, PublicKeyToken=b03f5f7f11d50a3a" className="MvcApplicationForMobile.Tests.StampTest, MvcApplicationForMobile.Tests, Version=1.0.0.0, Culture=neutral, PublicKeyToken=null" name="DateAddedTest" />
      <AspNet webSiteUrl="http://localhost:1094/">
        <Host pathToWebApp="C:\Visual Studio\MVCMobileForMobile\MvcApplicationForMobile\MvcApplicationForMobile" webAppRoot="/" />
      </AspNet>
    </UnitTest>
    <UnitTest name="LogOnModelConstructorTest" storage="c:\visual studio\mvcmobileformobile\mvcapplicationformobile\mvcapplicationformobile.tests\bin\debug\mvcapplicationformobile.tests.dll" id="d657b266-c302-82bd-a527-f80c0b25673a">
      <Execution id="2bee996c-f963-4be9-85f3-aa7be33b4429" />
[...]
      <Output>
        <ErrorInfo>
          <Message>The Web request 'http://localhost:1094/' completed successfully without running the test. This can occur when configuring the Web application for testing fails (an ASP.NET server error occurs when processing the request), or when no ASP.NET page is executed (the URL may point to an HTML page, a Web service, or a directory listing). Running tests in ASP.NET requires the URL to resolve to an ASP.NET page and for the page to execute properly up to the Load event. The response from the request is stored in the file 'WebRequestResponse_EmailTest.html' with the test results; typically this file can be opened with a Web browser to view its contents.</Message>
        </ErrorInfo>
      </Output>
      <ResultFiles>
        <ResultFile path="ANNAMIEDZIAE6A9\WebRequestResponse_EmailTest.html" />
      </ResultFiles>
    </UnitTestResult>
    <UnitTestResult executionId="975cc3f4-c506-425f-8f05-0ddd793316b0" testId="dd60587e-bf13-d697-e77d-2046de3a7b46" testName="CountryTest" computerName="ANNAMIEDZIAE6A9" startTime="2012-07-15T18:18:04.0947266+01:00" endTime="2012-07-15T18:18:04.2265625+01:00" testType="13cdc9d9-ddb5-4fa4-a97d-d965ccfc6d4b" outcome="Failed" testListId="8c84fa94-04c1-424b-9868-57a2d4851a1d" relativeResultsDirectory="975cc3f4-c506-425f-8f05-0ddd793316b0">
      <Output>
        <ErrorInfo>
          <Message>The Web request 'http://localhost:1094/' completed successfully without running the test. This can occur when configuring the Web application for testing fails (an ASP.NET server error occurs when processing the request), or when no ASP.NET page is executed (the URL may point to an HTML page, a Web service, or a directory listing). Running tests in ASP.NET requires the URL to resolve to an ASP.NET page and for the page to execute properly up to the Load event. The response from the request is stored in the file 'WebRequestResponse_CountryTest.html' with the test results; typically this file can be opened with a Web browser to view its contents.</Message>
        </ErrorInfo>
      </Output>
      <ResultFiles>
        <ResultFile path="ANNAMIEDZIAE6A9\WebRequestResponse_CountryTest.html" />
      </ResultFiles>
    </UnitTestResult>
    <UnitTestResult executionId="8e81af16-da4a-4eba-8c3d-e61dac7fb1c4" testId="e534fedb-ba89-f175-58b3-1423ba8fda67" testName="Application_StartTest" computerName="ANNAMIEDZIAE6A9" startTime="2012-07-15T18:18:04.2304688+01:00" endTime="2012-07-15T18:18:04.3681641+01:00" testType="13cdc9d9-ddb5-4fa4-a97d-d965ccfc6d4b" outcome="Failed" testListId="8c84fa94-04c1-424b-9868-57a2d4851a1d" relativeResultsDirectory="8e81af16-da4a-4eba-8c3d-e61dac7fb1c4">
      <Output>
        <ErrorInfo>
          <Message>The Web request 'http://localhost:1094/' completed successfully without running the test. This can occur when configuring the Web application for testing fails (an ASP.NET server error occurs when processing the request), or when no ASP.NET page is executed (the URL may point to an HTML page, a Web service, or a directory listing). Running tests in ASP.NET requires the URL to resolve to an ASP.NET page and for the page to execute properly up to the Load event. The response from the request is stored in the file 'WebRequestResponse_Application_StartTes.html' with the test results; typically this file can be opened with a Web browser to view its contents.</Message>
        </ErrorInfo>
      </Output>
      <ResultFiles>
        <ResultFile path="ANNAMIEDZIAE6A9\WebRequestResponse_Application_StartTes.html" />
      </ResultFiles>
    </UnitTestResult>
    <UnitTestResult executionId="fff39fbb-a797-4136-819d-7b42f071f7de" testId="e7b98139-e445-a685-631b-5f6527bd97aa" testName="AddressControllerConstructorTest" computerName="ANNAMIEDZIAE6A9" startTime="2012-07-15T18:18:04.3740234+01:00" endTime="2012-07-15T18:18:04.4970703+01:00" testType="13cdc9d9-ddb5-4fa4-a97d-d965ccfc6d4b" outcome="Failed" testListId="8c84fa94-04c1-424b-9868-57a2d4851a1d" relativeResultsDirectory="fff39fbb-a797-4136-819d-7b42f071f7de">
      <Output>
        <ErrorInfo>
          <Message>The Web request 'http://localhost:1094/' completed successfully without running the test. This can occur when configuring the Web application for testing fails (an ASP.NET server error occurs when processing the request), or when no ASP.NET page is executed (the URL may point to an HTML page, a Web service, or a directory listing). Running tests in ASP.NET requires the URL to resolve to an ASP.NET page and for the page to execute properly up to the Load event. The response from the request is stored in the file 'WebRequestResponse_AddressControllerCon.html' with the test results; typically this file can be opened with a Web browser to view its contents.</Message>
        </ErrorInfo>
      </Output>
      <ResultFiles>
        <ResultFile path="ANNAMIEDZIAE6A9\WebRequestResponse_AddressControllerCon.html" />
      </ResultFiles>
    </UnitTestResult>
    <UnitTestResult executionId="7f306709-51e9-4cd2-ab2a-b46d103ff9d3" testId="e7fbb722-19d0-8f92-42c6-6a76eadb1875" testName="PasswordTest" computerName="ANNAMIEDZIAE6A9" startTime="2012-07-15T18:18:04.5078125+01:00" endTime="2012-07-15T18:18:04.6435547+01:00" testType="13cdc9d9-ddb5-4fa4-a97d-d965ccfc6d4b" outcome="Failed" testListId="8c84fa94-04c1-424b-9868-57a2d4851a1d" relativeResultsDirectory="7f306709-51e9-4cd2-ab2a-b46d103ff9d3">
      <Output>
        <ErrorInfo>
          <Message>The Web request 'http://localhost:1094/' completed successfully without running the test. This can occur when configuring the Web application for testing fails (an ASP.NET server error occurs when processing the request), or when no ASP.NET page is executed (the URL may point to an HTML page, a Web service, or a directory listing). Running tests in ASP.NET requires the URL to resolve to an ASP.NET page and for the page to execute properly up to the Load event. The response from the request is stored in the file 'WebRequestResponse_PasswordTest.html' with the test results; typically this file can be opened with a Web browser to view its contents.</Message>
        </ErrorInfo>
      </Output>
      <ResultFiles>
        <ResultFile path="ANNAMIEDZIAE6A9\WebRequestResponse_PasswordTest.html" />
      </ResultFiles>
    </UnitTestResult>
    <UnitTestResult executionId="488e709e-14f6-47c3-81d8-263dc08c0f57" testId="e9703f59-6466-cdd2-f09a-023d9d1bf358" testName="LogOnTest" computerName="ANNAMIEDZIAE6A9" startTime="2012-07-15T18:18:04.6503906+01:00" endTime="2012-07-15T18:18:04.7988281+01:00" testType="13cdc9d9-ddb5-4fa4-a97d-d965ccfc6d4b" outcome="Failed" testListId="8c84fa94-04c1-424b-9868-57a2d4851a1d" relativeResultsDirectory="488e709e-14f6-47c3-81d8-263dc08c0f57">
      <Output>
        <ErrorInfo>
          <Message>The Web request 'http://localhost:1094/' completed successfully without running the test. This can occur when configuring the Web application for testing fails (an ASP.NET server error occurs when processing the request), or when no ASP.NET page is executed (the URL may point to an HTML page, a Web service, or a directory listing). Running tests in ASP.NET requires the URL to resolve to an ASP.NET page and for the page to execute properly up to the Load event. The response from the request is stored in the file 'WebRequestResponse_LogOnTest.html' with the test results; typically this file can be opened with a Web browser to view its contents.</Message>
        </ErrorInfo>
      </Output>
      <ResultFiles>
        <ResultFile path="ANNAMIEDZIAE6A9\WebRequestResponse_LogOnTest.html" />
      </ResultFiles>
    </UnitTestResult>
    <UnitTestResult executionId="c4e27de2-6f4a-4bfe-b6e0-55de232d4a6f" testId="ef5ada5c-2c2d-867e-ec6a-ea82f434b2f9" testName="DeleteConfirmedTest" computerName="ANNAMIEDZIAE6A9" startTime="2012-07-15T18:18:04.8046875+01:00" endTime="2012-07-15T18:18:04.9404297+01:00" testType="13cdc9d9-ddb5-4fa4-a97d-d965ccfc6d4b" outcome="Failed" testListId="8c84fa94-04c1-424b-9868-57a2d4851a1d" relativeResultsDirectory="c4e27de2-6f4a-4bfe-b6e0-55de232d4a6f">
      <Output>
        <ErrorInfo>
          <Message>The Web request 'http://localhost:1094/' completed successfully without running the test. This can occur when configuring the Web application for testing fails (an ASP.NET server error occurs when processing the request), or when no ASP.NET page is executed (the URL may point to an HTML page, a Web service, or a directory listing). Running tests in ASP.NET requires the URL to resolve to an ASP.NET page and for the page to execute properly up to the Load event. The response from the request is stored in the file 'WebRequestResponse_DeleteConfirmedTest.html' with the test results; typically this file can be opened with a Web browser to view its contents.</Message>
        </ErrorInfo>
      </Output>
      <ResultFiles>
        <ResultFile path="ANNAMIEDZIAE6A9\WebRequestResponse_DeleteConfirmedTest.html" />
      </ResultFiles>
    </UnitTestResult>
    <UnitTestResult executionId="f13fc8bd-9c54-451f-a469-d4a7ec0a1e7a" testId="efa86576-c578-4d19-a415-d64c7fff34ca" testName="RegisterModelConstructorTest" computerName="ANNAMIEDZIAE6A9" startTime="2012-07-15T18:18:04.9638672+01:00" endTime="2012-07-15T18:18:05.0908203+01:00" testType="13cdc9d9-ddb5-4fa4-a97d-d965ccfc6d4b" outcome="Failed" testListId="8c84fa94-04c1-424b-9868-57a2d4851a1d" relativeResultsDirectory="f13fc8bd-9c54-451f-a469-d4a7ec0a1e7a">
      <Output>
        <ErrorInfo>
          <Message>The Web request 'http://localhost:1094/' completed successfully without running the test. This can occur when configuring the Web application for testing fails (an ASP.NET server error occurs when processing the request), or when no ASP.NET page is executed (the URL may point to an HTML page, a Web service, or a directory listing). Running tests in ASP.NET requires the URL to resolve to an ASP.NET page and for the page to execute properly up to the Load event. The response from the request is stored in the file 'WebRequestResponse_RegisterModelConstru.html' with the test results; typically this file can be opened with a Web browser to view its contents.</Message>
        </ErrorInfo>
      </Output>
      <ResultFiles>
        <ResultFile path="ANNAMIEDZIAE6A9\WebRequestResponse_RegisterModelConstru.html" />
      </ResultFiles>
    </UnitTestResult>
    <UnitTestResult executionId="fa52e444-f456-4d43-b227-204687f0a5a1" testId="f15f4f88-6d80-1d13-cb1c-7d9a12073920" testName="AccountControllerConstructorTest" computerName="ANNAMIEDZIAE6A9" startTime="2012-07-15T18:18:05.1064453+01:00" endTime="2012-07-15T18:18:05.2373047+01:00" testType="13cdc9d9-ddb5-4fa4-a97d-d965ccfc6d4b" outcome="Failed" testListId="8c84fa94-04c1-424b-9868-57a2d4851a1d" relativeResultsDirectory="fa52e444-f456-4d43-b227-204687f0a5a1">
      <Output>
        <ErrorInfo>
          <Message>The Web request 'http://localhost:1094/' completed successfully without running the test. This can occur when configuring the Web application for testing fails (an ASP.NET server error occurs when processing the request), or when no ASP.NET page is executed (the URL may point to an HTML page, a Web service, or a directory listing). Running tests in ASP.NET requires the URL to resolve to an ASP.NET page and for the page to execute properly up to the Load event. The response from the request is stored in the file 'WebRequestResponse_AccountControllerCon.html' with the test results; typically this file can be opened with a Web browser to view its contents.</Message>
        </ErrorInfo>
      </Output>
      <ResultFiles>
        <ResultFile path="ANNAMIEDZIAE6A9\WebRequestResponse_AccountControllerCon.html" />
      </ResultFiles>
    </UnitTestResult>
    <UnitTestResult executionId="cfc54dcd-60bf-4454-886e-a6c6e83d1e31" testId="f23a98fc-6613-be54-345e-b4e1f6880a2e" testName="RegisterRoutesTest" computerName="ANNAMIEDZIAE6A9" startTime="2012-07-15T18:18:05.2421875+01:00" endTime="2012-07-15T18:18:05.3710938+01:00" testType="13cdc9d9-ddb5-4fa4-a97d-d965ccfc6d4b" outcome="Failed" testListId="8c84fa94-04c1-424b-9868-57a2d4851a1d" relativeResultsDirectory="cfc54dcd-60bf-4454-886e-a6c6e83d1e31">
      <Output>
        <ErrorInfo>
          <Message>The Web request 'http://localhost:1094/' completed successfully without running the test. This can occur when configuring the Web application for testing fails (an ASP.NET server error occurs when processing the request), or when no ASP.NET page is executed (the URL may point to an HTML page, a Web service, or a directory listing). Running tests in ASP.NET requires the URL to resolve to an ASP.NET page and for the page to execute properly up to the Load event. The response from the request is stored in the file 'WebRequestResponse_RegisterRoutesTest.html' with the test results; typically this file can be opened with a Web browser to view its contents.</Message>
        </ErrorInfo>
      </Output>
      <ResultFiles>
        <ResultFile path="ANNAMIEDZIAE6A9\WebRequestResponse_RegisterRoutesTest.html" />
      </ResultFiles>
    </UnitTestResult>
    <UnitTestResult executionId="2bf8842c-3e66-4ae3-8491-a0c6d8a1a4ce" testId="f31db24a-f483-c1dd-33ca-be1d0cc608ef" testName="NewFindViewTest" computerName="ANNAMIEDZIAE6A9" startTime="2012-07-15T18:18:05.3769531+01:00" endTime="2012-07-15T18:18:05.5009766+01:00" testType="13cdc9d9-ddb5-4fa4-a97d-d965ccfc6d4b" outcome="Failed" testListId="8c84fa94-04c1-424b-9868-57a2d4851a1d" relativeResultsDirectory="2bf8842c-3e66-4ae3-8491-a0c6d8a1a4ce">
      <Output>
        <ErrorInfo>
          <Message>The Web request 'http://localhost:1094/' completed successfully without running the test. This can occur when configuring the Web application for testing fails (an ASP.NET server error occurs when processing the request), or when no ASP.NET page is executed (the URL may point to an HTML page, a Web service, or a directory listing). Running tests in ASP.NET requires the URL to resolve to an ASP.NET page and for the page to execute properly up to the Load event. The response from the request is stored in the file 'WebRequestResponse_NewFindViewTest.html' with the test results; typically this file can be opened with a Web browser to view its contents.</Message>
        </ErrorInfo>
      </Output>
      <ResultFiles>
        <ResultFile path="ANNAMIEDZIAE6A9\WebRequestResponse_NewFindViewTest.html" />
      </ResultFiles>
    </UnitTestResult>
    <UnitTestResult executionId="3d4a7f19-e8b2-4cee-9887-0f6ca28d9004" testId="f691a8b6-19af-953a-55af-05c7a862064d" testName="ChangePasswordTest1" computerName="ANNAMIEDZIAE6A9" startTime="2012-07-15T18:18:05.5068359+01:00" endTime="2012-07-15T18:18:05.6279297+01:00" testType="13cdc9d9-ddb5-4fa4-a97d-d965ccfc6d4b" outcome="Failed" testListId="8c84fa94-04c1-424b-9868-57a2d4851a1d" relativeResultsDirectory="3d4a7f19-e8b2-4cee-9887-0f6ca28d9004">
      <Output>
        <ErrorInfo>
          <Message>The Web request 'http://localhost:1094/' completed successfully without running the test. This can occur when configuring the Web application for testing fails (an ASP.NET server error occurs when processing the request), or when no ASP.NET page is executed (the URL may point to an HTML page, a Web service, or a directory listing). Running tests in ASP.NET requires the URL to resolve to an ASP.NET page and for the page to execute properly up to the Load event. The response from the request is stored in the file 'WebRequestResponse_ChangePasswordTest1.html' with the test results; typically this file can be opened with a Web browser to view its contents.</Message>
        </ErrorInfo>
      </Output>
      <ResultFiles>
        <ResultFile path="ANNAMIEDZIAE6A9\WebRequestResponse_ChangePasswordTest1.html" />
      </ResultFiles>
    </UnitTestResult>
    <UnitTestResult executionId="2b8e603e-fc5a-4cd6-961d-5d66a8bfcb58" testId="f754cd1c-eadb-0478-b853-786cbde7b929" testName="DisposeTest" computerName="ANNAMIEDZIAE6A9" startTime="2012-07-15T18:18:05.6367188+01:00" endTime="2012-07-15T18:18:05.7675781+01:00" testType="13cdc9d9-ddb5-4fa4-a97d-d965ccfc6d4b" outcome="Failed" testListId="8c84fa94-04c1-424b-9868-57a2d4851a1d" relativeResultsDirectory="2b8e603e-fc5a-4cd6-961d-5d66a8bfcb58">
      <Output>
        <ErrorInfo>
          <Message>The Web request 'http://localhost:1094/' completed successfully without running the test. This can occur when configuring the Web application for testing fails (an ASP.NET server error occurs when processing the request), or when no ASP.NET page is executed (the URL may point to an HTML page, a Web service, or a directory listing). Running tests in ASP.NET requires the URL to resolve to an ASP.NET page and for the page to execute properly up to the Load event. The response from the request is stored in the file 'WebRequestResponse_DisposeTest.html' with the test results; typically this file can be opened with a Web browser to view its contents.</Message>
        </ErrorInfo>
      </Output>
      <ResultFiles>
        <ResultFile path="ANNAMIEDZIAE6A9\WebRequestResponse_DisposeTest.html" />
      </ResultFiles>
    </UnitTestResult>
    <UnitTestResult executionId="1a1d395c-9699-4435-96c8-f6010513fdfa" testId="fe363c0d-bd5d-d168-93da-81dd70a1b18e" testName="MobileCapableWebFormViewEngineConstructorTest" computerName="ANNAMIEDZIAE6A9" startTime="2012-07-15T18:18:05.7724609+01:00" endTime="2012-07-15T18:18:05.9013672+01:00" testType="13cdc9d9-ddb5-4fa4-a97d-d965ccfc6d4b" outcome="Failed" testListId="8c84fa94-04c1-424b-9868-57a2d4851a1d" relativeResultsDirectory="1a1d395c-9699-4435-96c8-f6010513fdfa">
      <Output>
        <ErrorInfo>
          <Message>The Web request 'http://localhost:1094/' completed successfully without running the test. This can occur when configuring the Web application for testing fails (an ASP.NET server error occurs when processing the request), or when no ASP.NET page is executed (the URL may point to an HTML page, a Web service, or a directory listing). Running tests in ASP.NET requires the URL to resolve to an ASP.NET page and for the page to execute properly up to the Load event. The response from the request is stored in the file 'WebRequestResponse_MobileCapableWebForm.html' with the test results; typically this file can be opened with a Web browser to view its contents.</Message>
        </ErrorInfo>
      </Output>
      <ResultFiles>
        <ResultFile path="ANNAMIEDZIAE6A9\WebRequestResponse_MobileCapableWebForm.html" />
      </ResultFiles>
    </UnitTestResult>
    <UnitTestResult executionId="07c61175-ae39-41c7-9fa1-82ab85909b8e" testId="ffcc708d-7c46-47d2-77f3-dbb38af7a860" testName="FullAddressTest" computerName="ANNAMIEDZIAE6A9" startTime="2012-07-15T18:18:05.9062500+01:00" endTime="2012-07-15T18:18:06.0371094+01:00" testType="13cdc9d9-ddb5-4fa4-a97d-d965ccfc6d4b" outcome="Failed" testListId="8c84fa94-04c1-424b-9868-57a2d4851a1d" relativeResultsDirectory="07c61175-ae39-41c7-9fa1-82ab85909b8e">
      <Output>
        <ErrorInfo>
          <Message>The Web request 'http://localhost:1094/' completed successfully without running the test. This can occur when configuring the Web application for testing fails (an ASP.NET server error occurs when processing the request), or when no ASP.NET page is executed (the URL may point to an HTML page, a Web service, or a directory listing). Running tests in ASP.NET requires the URL to resolve to an ASP.NET page and for the page to execute properly up to the Load event. The response from the request is stored in the file 'WebRequestResponse_FullAddressTest.html' with the test results; typically this file can be opened with a Web browser to view its contents.</Message>
        </ErrorInfo>
      </Output>
      <ResultFiles>
        <ResultFile path="ANNAMIEDZIAE6A9\WebRequestResponse_FullAddressTest.html" />
      </ResultFiles>
    </UnitTestResult>
  </Results>
</TestRun>